<?xml version="1.0" encoding="UTF-8"?>
<testsuites name="Sendinblue" tests="157" time="34.863">
  <testsuite name="Sales CRM / Companies / Get all Companies" id="19f45c5a-00f5-4351-a7ae-ce627dc7af12" timestamp="2023-08-11T11:05:35.868Z" tests="0" failures="0" errors="0" time="0.481"/>
  <testsuite name="Sales CRM / Companies / Create a company" id="9d9eeeaf-66e9-433b-b159-dc95adefe045" timestamp="2023-08-11T11:05:35.868Z" tests="8" failures="3" errors="0" time="0.250">
    <testcase name="Response status is 400" time="0.250" classname="Sendinblue">
      <failure type="AssertionFailure" message="expected response to have status code 400 but got 401">
        <![CDATA[Failed 1 times.]]>
        <![CDATA[Collection JSON ID: c5456dfd-df5c-4ebe-90a7-4025e6688d55.]]>
        <![CDATA[Collection name: Sendinblue.]]>
        <![CDATA[Request name: Sales CRM / Companies / Create a company.]]>
        <![CDATA[Test description: Response status is 400.]]>
        <![CDATA[Error message: expected response to have status code 400 but got 401.]]>
        <![CDATA[Stacktrace: AssertionError: expected response to have status code 400 but got 401
   at Object.eval sandbox-script.js:1:2).]]>
      </failure>
    </testcase>
    <testcase name="Response body contains a message property" time="0.250" classname="Sendinblue"/>
    <testcase name="The message property is a string" time="0.250" classname="Sendinblue"/>
    <testcase name="Message is a non-empty string" time="0.250" classname="Sendinblue"/>
    <testcase name="Response time is less than 200ms" time="0.250" classname="Sendinblue">
      <failure type="AssertionFailure" message="expected 250 to be below 200">
        <![CDATA[Failed 1 times.]]>
        <![CDATA[Collection JSON ID: c5456dfd-df5c-4ebe-90a7-4025e6688d55.]]>
        <![CDATA[Collection name: Sendinblue.]]>
        <![CDATA[Request name: Sales CRM / Companies / Create a company.]]>
        <![CDATA[Test description: Response time is less than 200ms.]]>
        <![CDATA[Error message: expected 250 to be below 200.]]>
        <![CDATA[Stacktrace: AssertionError: expected 250 to be below 200
   at Object.eval sandbox-script.js:5:2).]]>
      </failure>
    </testcase>
    <testcase name="Response time is less than 1000ms" time="0.250" classname="Sendinblue"/>
    <testcase name="Verify that the 'id' field is present and is a string" time="0.250" classname="Sendinblue">
      <failure type="AssertionFailure" message="expected undefined to exist">
        <![CDATA[Failed 1 times.]]>
        <![CDATA[Collection JSON ID: c5456dfd-df5c-4ebe-90a7-4025e6688d55.]]>
        <![CDATA[Collection name: Sendinblue.]]>
        <![CDATA[Request name: Sales CRM / Companies / Create a company.]]>
        <![CDATA[Test description: Verify that the 'id' field is present and is a string.]]>
        <![CDATA[Error message: expected undefined to exist.]]>
        <![CDATA[Stacktrace: AssertionError: expected undefined to exist
   at Object.eval sandbox-script.js:7:2).]]>
      </failure>
    </testcase>
    <testcase name="Content-Type is present" time="0.250" classname="Sendinblue"/>
  </testsuite>
  <testsuite name="Sales CRM / Companies / Get company attributes" id="8b5713c0-a4eb-4f1f-8e0c-b49deb645a39" timestamp="2023-08-11T11:05:35.868Z" tests="2" failures="2" errors="0" time="0.228">
    <testcase name="Response status code is 400" time="0.228" classname="Sendinblue">
      <failure type="AssertionFailure" message="expected response to have status code 400 but got 401">
        <![CDATA[Failed 1 times.]]>
        <![CDATA[Collection JSON ID: c5456dfd-df5c-4ebe-90a7-4025e6688d55.]]>
        <![CDATA[Collection name: Sendinblue.]]>
        <![CDATA[Request name: Sales CRM / Companies / Get company attributes.]]>
        <![CDATA[Test description: Response status code is 400.]]>
        <![CDATA[Error message: expected response to have status code 400 but got 401.]]>
        <![CDATA[Stacktrace: AssertionError: expected response to have status code 400 but got 401
   at Object.eval sandbox-script.js:1:3).]]>
      </failure>
    </testcase>
    <testcase name="Body matches string" time="0.228" classname="Sendinblue">
      <failure type="AssertionFailure" message="expected '{&quot;message&quot;:&quot;Key not found&quot;,&quot;code&quot;:&quot;unauthorized&quot;}\n' to include 'get all attributes: get mongodb client crm database: Crm db is not created yet. Please enable crm'">
        <![CDATA[Failed 1 times.]]>
        <![CDATA[Collection JSON ID: c5456dfd-df5c-4ebe-90a7-4025e6688d55.]]>
        <![CDATA[Collection name: Sendinblue.]]>
        <![CDATA[Request name: Sales CRM / Companies / Get company attributes.]]>
        <![CDATA[Test description: Body matches string.]]>
        <![CDATA[Error message: expected '{"message":"Key not found","code":"unauthorized"}\n' to include 'get all attributes: get mongodb client crm database: Crm db is not created yet. Please enable crm'.]]>
        <![CDATA[Stacktrace: AssertionError: expected '{"message":"Key not found","code":"unauthorized"}\n' to include 'get all attributes: get mongodb client crm database: Crm db is not created yet. Please enable crm'
   at Object.eval sandbox-script.js:2:3).]]>
      </failure>
    </testcase>
  </testsuite>
  <testsuite name="Sales CRM / Companies / Link and Unlink company with contact and deal" id="7616a33b-ed44-472c-b129-f1ca5a494b99" timestamp="2023-08-11T11:05:35.868Z" tests="3" failures="1" errors="0" time="0.213">
    <testcase name="Status code is 400" time="0.213" classname="Sendinblue">
      <failure type="AssertionFailure" message="expected response to have status code 400 but got 401">
        <![CDATA[Failed 1 times.]]>
        <![CDATA[Collection JSON ID: c5456dfd-df5c-4ebe-90a7-4025e6688d55.]]>
        <![CDATA[Collection name: Sendinblue.]]>
        <![CDATA[Request name: Sales CRM / Companies / Link and Unlink company with contact and deal.]]>
        <![CDATA[Test description: Status code is 400.]]>
        <![CDATA[Error message: expected response to have status code 400 but got 401.]]>
        <![CDATA[Stacktrace: AssertionError: expected response to have status code 400 but got 401
   at Object.eval sandbox-script.js:1:4).]]>
      </failure>
    </testcase>
    <testcase name="Content-Type is present" time="0.213" classname="Sendinblue"/>
    <testcase name="A message property is present" time="0.213" classname="Sendinblue"/>
  </testsuite>
  <testsuite name="Sales CRM / Companies / Get a company" id="26a71852-e893-42f8-b5e6-a85bd4e34e89" timestamp="2023-08-11T11:05:35.868Z" tests="5" failures="2" errors="0" time="0.247">
    <testcase name="Content-Type is present" time="0.247" classname="Sendinblue"/>
    <testcase name="A result property is present and is 'success'" time="0.247" classname="Sendinblue"/>
    <testcase name="Response status is 400" time="0.247" classname="Sendinblue">
      <failure type="AssertionFailure" message="expected response to have status code 400 but got 401">
        <![CDATA[Failed 1 times.]]>
        <![CDATA[Collection JSON ID: c5456dfd-df5c-4ebe-90a7-4025e6688d55.]]>
        <![CDATA[Collection name: Sendinblue.]]>
        <![CDATA[Request name: Sales CRM / Companies / Get a company.]]>
        <![CDATA[Test description: Response status is 400.]]>
        <![CDATA[Error message: expected response to have status code 400 but got 401.]]>
        <![CDATA[Stacktrace: AssertionError: expected response to have status code 400 but got 401
   at Object.eval sandbox-script.js:3:5).]]>
      </failure>
    </testcase>
    <testcase name="Response time is less than 200ms" time="0.247" classname="Sendinblue">
      <failure type="AssertionFailure" message="expected 247 to be below 200">
        <![CDATA[Failed 1 times.]]>
        <![CDATA[Collection JSON ID: c5456dfd-df5c-4ebe-90a7-4025e6688d55.]]>
        <![CDATA[Collection name: Sendinblue.]]>
        <![CDATA[Request name: Sales CRM / Companies / Get a company.]]>
        <![CDATA[Test description: Response time is less than 200ms.]]>
        <![CDATA[Error message: expected 247 to be below 200.]]>
        <![CDATA[Stacktrace: AssertionError: expected 247 to be below 200
   at Object.eval sandbox-script.js:4:5).]]>
      </failure>
    </testcase>
    <testcase name="Response time is less than 1000ms" time="0.247" classname="Sendinblue"/>
  </testsuite>
  <testsuite name="Sales CRM / Companies / Delete a company" id="55f3d73c-564a-4e98-8f61-ecc8f2f54702" timestamp="2023-08-11T11:05:35.868Z" tests="4" failures="1" errors="0" time="0.196">
    <testcase name="Response status code is 400" time="0.196" classname="Sendinblue">
      <failure type="AssertionFailure" message="expected 401 to equal 400">
        <![CDATA[Failed 1 times.]]>
        <![CDATA[Collection JSON ID: c5456dfd-df5c-4ebe-90a7-4025e6688d55.]]>
        <![CDATA[Collection name: Sendinblue.]]>
        <![CDATA[Request name: Sales CRM / Companies / Delete a company.]]>
        <![CDATA[Test description: Response status code is 400.]]>
        <![CDATA[Error message: expected 401 to equal 400.]]>
        <![CDATA[Stacktrace: AssertionError: expected 401 to equal 400
   at Object.eval sandbox-script.js:1:6).]]>
      </failure>
    </testcase>
    <testcase name="Response has the required field 'message'" time="0.196" classname="Sendinblue"/>
    <testcase name="The 'message' field is a non-empty string" time="0.196" classname="Sendinblue"/>
    <testcase name="Response time is less than 500ms" time="0.196" classname="Sendinblue"/>
  </testsuite>
  <testsuite name="Sales CRM / Companies / Update a company" id="4d50aeb4-9c1a-41b8-8ed9-8c712c315a78" timestamp="2023-08-11T11:05:35.868Z" tests="3" failures="2" errors="0" time="0.202">
    <testcase name="Response status code is 400" time="0.202" classname="Sendinblue">
      <failure type="AssertionFailure" message="expected 401 to equal 400">
        <![CDATA[Failed 1 times.]]>
        <![CDATA[Collection JSON ID: c5456dfd-df5c-4ebe-90a7-4025e6688d55.]]>
        <![CDATA[Collection name: Sendinblue.]]>
        <![CDATA[Request name: Sales CRM / Companies / Update a company.]]>
        <![CDATA[Test description: Response status code is 400.]]>
        <![CDATA[Error message: expected 401 to equal 400.]]>
        <![CDATA[Stacktrace: AssertionError: expected 401 to equal 400
   at Object.eval sandbox-script.js:1:7).]]>
      </failure>
    </testcase>
    <testcase name="Response has the required fields" time="0.202" classname="Sendinblue"/>
    <testcase name="Status code name has string" time="0.202" classname="Sendinblue">
      <failure type="AssertionFailure" message="expected response to have status reason 'Bad Request' but got 'Unauthorized'">
        <![CDATA[Failed 1 times.]]>
        <![CDATA[Collection JSON ID: c5456dfd-df5c-4ebe-90a7-4025e6688d55.]]>
        <![CDATA[Collection name: Sendinblue.]]>
        <![CDATA[Request name: Sales CRM / Companies / Update a company.]]>
        <![CDATA[Test description: Status code name has string.]]>
        <![CDATA[Error message: expected response to have status reason 'Bad Request' but got 'Unauthorized'.]]>
        <![CDATA[Stacktrace: AssertionError: expected response to have status reason 'Bad Request' but got 'Unauthorized'
   at Object.eval sandbox-script.js:3:7).]]>
      </failure>
    </testcase>
  </testsuite>
  <testsuite name="Sales CRM / Companies / Get pipeline stages" id="f530a534-f15e-451e-836c-ced5cf8ac2a8" timestamp="2023-08-11T11:05:35.868Z" tests="3" failures="1" errors="0" time="0.345">
    <testcase name="Response status code is 400" time="0.345" classname="Sendinblue">
      <failure type="AssertionFailure" message="expected response to have status code 400 but got 401">
        <![CDATA[Failed 1 times.]]>
        <![CDATA[Collection JSON ID: c5456dfd-df5c-4ebe-90a7-4025e6688d55.]]>
        <![CDATA[Collection name: Sendinblue.]]>
        <![CDATA[Request name: Sales CRM / Companies / Get pipeline stages.]]>
        <![CDATA[Test description: Response status code is 400.]]>
        <![CDATA[Error message: expected response to have status code 400 but got 401.]]>
        <![CDATA[Stacktrace: AssertionError: expected response to have status code 400 but got 401
   at Object.eval sandbox-script.js:1:8).]]>
      </failure>
    </testcase>
    <testcase name="Response has the required field - message" time="0.345" classname="Sendinblue"/>
    <testcase name="Response time is less than 500ms" time="0.345" classname="Sendinblue"/>
  </testsuite>
  <testsuite name="Sales CRM / Deals / Get all deals" id="ab0e4b55-d143-4652-ac71-d022bd861f14" timestamp="2023-08-11T11:05:35.868Z" tests="3" failures="1" errors="0" time="0.239">
    <testcase name="Response has a status code of 400" time="0.239" classname="Sendinblue">
      <failure type="AssertionFailure" message="expected response to have status code 400 but got 401">
        <![CDATA[Failed 1 times.]]>
        <![CDATA[Collection JSON ID: c5456dfd-df5c-4ebe-90a7-4025e6688d55.]]>
        <![CDATA[Collection name: Sendinblue.]]>
        <![CDATA[Request name: Sales CRM / Deals / Get all deals.]]>
        <![CDATA[Test description: Response has a status code of 400.]]>
        <![CDATA[Error message: expected response to have status code 400 but got 401.]]>
        <![CDATA[Stacktrace: AssertionError: expected response to have status code 400 but got 401
   at Object.eval sandbox-script.js:1:9).]]>
      </failure>
    </testcase>
    <testcase name="Response has a message property" time="0.239" classname="Sendinblue"/>
    <testcase name="Content-Type is present" time="0.239" classname="Sendinblue"/>
  </testsuite>
  <testsuite name="Sales CRM / Deals / Create a deal" id="7901ff1b-cd6b-4624-988f-afe7e394e829" timestamp="2023-08-11T11:05:35.868Z" tests="4" failures="1" errors="0" time="0.199">
    <testcase name="Response status code should be 500" time="0.199" classname="Sendinblue">
      <failure type="AssertionFailure" message="expected response to have status code 500 but got 401">
        <![CDATA[Failed 1 times.]]>
        <![CDATA[Collection JSON ID: c5456dfd-df5c-4ebe-90a7-4025e6688d55.]]>
        <![CDATA[Collection name: Sendinblue.]]>
        <![CDATA[Request name: Sales CRM / Deals / Create a deal.]]>
        <![CDATA[Test description: Response status code should be 500.]]>
        <![CDATA[Error message: expected response to have status code 500 but got 401.]]>
        <![CDATA[Stacktrace: AssertionError: expected response to have status code 500 but got 401
   at Object.eval sandbox-script.js:1:10).]]>
      </failure>
    </testcase>
    <testcase name="Response has required field - message" time="0.199" classname="Sendinblue"/>
    <testcase name="Response time is less than 500ms" time="0.199" classname="Sendinblue"/>
    <testcase name="The message should be a non-empty string" time="0.199" classname="Sendinblue"/>
  </testsuite>
  <testsuite name="Sales CRM / Deals / Link and Unlink a deal with contacts and companies" id="ad78d9b6-6d81-4158-a0d4-1de912085167" timestamp="2023-08-11T11:05:35.868Z" tests="5" failures="1" errors="0" time="0.221">
    <testcase name="Response status code is 400" time="0.221" classname="Sendinblue">
      <failure type="AssertionFailure" message="expected 401 to equal 400">
        <![CDATA[Failed 1 times.]]>
        <![CDATA[Collection JSON ID: c5456dfd-df5c-4ebe-90a7-4025e6688d55.]]>
        <![CDATA[Collection name: Sendinblue.]]>
        <![CDATA[Request name: Sales CRM / Deals / Link and Unlink a deal with contacts and companies.]]>
        <![CDATA[Test description: Response status code is 400.]]>
        <![CDATA[Error message: expected 401 to equal 400.]]>
        <![CDATA[Stacktrace: AssertionError: expected 401 to equal 400
   at Object.eval sandbox-script.js:1:11).]]>
      </failure>
    </testcase>
    <testcase name="Response has the required fields" time="0.221" classname="Sendinblue"/>
    <testcase name="Message is a non-empty string" time="0.221" classname="Sendinblue"/>
    <testcase name="The error message provides a meaningful description" time="0.221" classname="Sendinblue"/>
    <testcase name="Response time is in an acceptable range" time="0.221" classname="Sendinblue"/>
  </testsuite>
  <testsuite name="Sales CRM / Deals / Get deal attributes" id="ce0efdd6-358a-4950-81bd-96ada36bb5f0" timestamp="2023-08-11T11:05:35.868Z" tests="6" failures="6" errors="0" time="0.223">
    <testcase name="Response status code is 500" time="0.223" classname="Sendinblue">
      <failure type="AssertionFailure" message="expected response to have status code 500 but got 401">
        <![CDATA[Failed 1 times.]]>
        <![CDATA[Collection JSON ID: c5456dfd-df5c-4ebe-90a7-4025e6688d55.]]>
        <![CDATA[Collection name: Sendinblue.]]>
        <![CDATA[Request name: Sales CRM / Deals / Get deal attributes.]]>
        <![CDATA[Test description: Response status code is 500.]]>
        <![CDATA[Error message: expected response to have status code 500 but got 401.]]>
        <![CDATA[Stacktrace: AssertionError: expected response to have status code 500 but got 401
   at Object.eval sandbox-script.js:1:12).]]>
      </failure>
    </testcase>
    <testcase name="title is a non-empty string" time="0.223" classname="Sendinblue">
      <failure type="AssertionFailure" message="expected undefined to be a string">
        <![CDATA[Failed 1 times.]]>
        <![CDATA[Collection JSON ID: c5456dfd-df5c-4ebe-90a7-4025e6688d55.]]>
        <![CDATA[Collection name: Sendinblue.]]>
        <![CDATA[Request name: Sales CRM / Deals / Get deal attributes.]]>
        <![CDATA[Test description: title is a non-empty string.]]>
        <![CDATA[Error message: expected undefined to be a string.]]>
        <![CDATA[Stacktrace: AssertionError: expected undefined to be a string
   at Object.eval sandbox-script.js:2:12).]]>
      </failure>
    </testcase>
    <testcase name="type is a non-empty string" time="0.223" classname="Sendinblue">
      <failure type="AssertionFailure" message="expected undefined to be a string">
        <![CDATA[Failed 1 times.]]>
        <![CDATA[Collection JSON ID: c5456dfd-df5c-4ebe-90a7-4025e6688d55.]]>
        <![CDATA[Collection name: Sendinblue.]]>
        <![CDATA[Request name: Sales CRM / Deals / Get deal attributes.]]>
        <![CDATA[Test description: type is a non-empty string.]]>
        <![CDATA[Error message: expected undefined to be a string.]]>
        <![CDATA[Stacktrace: AssertionError: expected undefined to be a string
   at Object.eval sandbox-script.js:3:12).]]>
      </failure>
    </testcase>
    <testcase name="status is a number" time="0.223" classname="Sendinblue">
      <failure type="AssertionFailure" message="expected undefined to be a number">
        <![CDATA[Failed 1 times.]]>
        <![CDATA[Collection JSON ID: c5456dfd-df5c-4ebe-90a7-4025e6688d55.]]>
        <![CDATA[Collection name: Sendinblue.]]>
        <![CDATA[Request name: Sales CRM / Deals / Get deal attributes.]]>
        <![CDATA[Test description: status is a number.]]>
        <![CDATA[Error message: expected undefined to be a number.]]>
        <![CDATA[Stacktrace: AssertionError: expected undefined to be a number
   at Object.eval sandbox-script.js:4:12).]]>
      </failure>
    </testcase>
    <testcase name="detail is a non-empty string" time="0.223" classname="Sendinblue">
      <failure type="AssertionFailure" message="expected undefined to be a string">
        <![CDATA[Failed 1 times.]]>
        <![CDATA[Collection JSON ID: c5456dfd-df5c-4ebe-90a7-4025e6688d55.]]>
        <![CDATA[Collection name: Sendinblue.]]>
        <![CDATA[Request name: Sales CRM / Deals / Get deal attributes.]]>
        <![CDATA[Test description: detail is a non-empty string.]]>
        <![CDATA[Error message: expected undefined to be a string.]]>
        <![CDATA[Stacktrace: AssertionError: expected undefined to be a string
   at Object.eval sandbox-script.js:5:12).]]>
      </failure>
    </testcase>
    <testcase name="Validate the error response structure" time="0.223" classname="Sendinblue">
      <failure type="AssertionFailure" message="expected undefined to exist">
        <![CDATA[Failed 1 times.]]>
        <![CDATA[Collection JSON ID: c5456dfd-df5c-4ebe-90a7-4025e6688d55.]]>
        <![CDATA[Collection name: Sendinblue.]]>
        <![CDATA[Request name: Sales CRM / Deals / Get deal attributes.]]>
        <![CDATA[Test description: Validate the error response structure.]]>
        <![CDATA[Error message: expected undefined to exist.]]>
        <![CDATA[Stacktrace: AssertionError: expected undefined to exist
   at Object.eval sandbox-script.js:6:12).]]>
      </failure>
    </testcase>
  </testsuite>
  <testsuite name="Sales CRM / Deals / Get a deal" id="c4012586-2416-4f17-95dc-93d9f4f96b21" timestamp="2023-08-11T11:05:35.868Z" tests="3" failures="1" errors="0" time="0.205">
    <testcase name="Response status code is 400" time="0.205" classname="Sendinblue">
      <failure type="AssertionFailure" message="expected 401 to equal 400">
        <![CDATA[Failed 1 times.]]>
        <![CDATA[Collection JSON ID: c5456dfd-df5c-4ebe-90a7-4025e6688d55.]]>
        <![CDATA[Collection name: Sendinblue.]]>
        <![CDATA[Request name: Sales CRM / Deals / Get a deal.]]>
        <![CDATA[Test description: Response status code is 400.]]>
        <![CDATA[Error message: expected 401 to equal 400.]]>
        <![CDATA[Stacktrace: AssertionError: expected 401 to equal 400
   at Object.eval sandbox-script.js:1:13).]]>
      </failure>
    </testcase>
    <testcase name="Response has the required fields" time="0.205" classname="Sendinblue"/>
    <testcase name="message is a non-empty string" time="0.205" classname="Sendinblue"/>
  </testsuite>
  <testsuite name="Sales CRM / Deals / Delete a deal" id="d76568eb-94a0-46cc-bcea-04c010c1bc92" timestamp="2023-08-11T11:05:35.868Z" tests="0" failures="0" errors="0" time="0.185"/>
  <testsuite name="Sales CRM / Deals / Update a deal" id="fb630cca-cf25-4d05-985c-4167642d5c87" timestamp="2023-08-11T11:05:35.868Z" tests="0" failures="0" errors="0" time="0.205"/>
  <testsuite name="Sales CRM / Tasks / Get all tasks" id="364d71fa-5a17-45f9-a93d-c0d4e4465748" timestamp="2023-08-11T11:05:35.868Z" tests="3" failures="1" errors="0" time="0.221">
    <testcase name="Content-Type is present" time="0.221" classname="Sendinblue"/>
    <testcase name="Response status code is 400" time="0.221" classname="Sendinblue">
      <failure type="AssertionFailure" message="expected 401 to equal 400">
        <![CDATA[Failed 1 times.]]>
        <![CDATA[Collection JSON ID: c5456dfd-df5c-4ebe-90a7-4025e6688d55.]]>
        <![CDATA[Collection name: Sendinblue.]]>
        <![CDATA[Request name: Sales CRM / Tasks / Get all tasks.]]>
        <![CDATA[Test description: Response status code is 400.]]>
        <![CDATA[Error message: expected 401 to equal 400.]]>
        <![CDATA[Stacktrace: AssertionError: expected 401 to equal 400
   at Object.eval sandbox-script.js:2:16).]]>
      </failure>
    </testcase>
    <testcase name="Response time is within acceptable range" time="0.221" classname="Sendinblue"/>
  </testsuite>
  <testsuite name="Sales CRM / Tasks / Create a task" id="74c2941e-cc53-4cdd-bb27-3d1378e68cd8" timestamp="2023-08-11T11:05:35.868Z" tests="5" failures="3" errors="0" time="0.200">
    <testcase name="Content-Type is present" time="0.200" classname="Sendinblue"/>
    <testcase name="Response status is 400" time="0.200" classname="Sendinblue">
      <failure type="AssertionFailure" message="expected response to have status code 400 but got 401">
        <![CDATA[Failed 1 times.]]>
        <![CDATA[Collection JSON ID: c5456dfd-df5c-4ebe-90a7-4025e6688d55.]]>
        <![CDATA[Collection name: Sendinblue.]]>
        <![CDATA[Request name: Sales CRM / Tasks / Create a task.]]>
        <![CDATA[Test description: Response status is 400.]]>
        <![CDATA[Error message: expected response to have status code 400 but got 401.]]>
        <![CDATA[Stacktrace: AssertionError: expected response to have status code 400 but got 401
   at Object.eval sandbox-script.js:2:17).]]>
      </failure>
    </testcase>
    <testcase name="Response message is not empty" time="0.200" classname="Sendinblue"/>
    <testcase name="Data field is an array" time="0.200" classname="Sendinblue">
      <failure type="AssertionFailure" message="expected undefined to be an array">
        <![CDATA[Failed 1 times.]]>
        <![CDATA[Collection JSON ID: c5456dfd-df5c-4ebe-90a7-4025e6688d55.]]>
        <![CDATA[Collection name: Sendinblue.]]>
        <![CDATA[Request name: Sales CRM / Tasks / Create a task.]]>
        <![CDATA[Test description: Data field is an array.]]>
        <![CDATA[Error message: expected undefined to be an array.]]>
        <![CDATA[Stacktrace: AssertionError: expected undefined to be an array
   at Object.eval sandbox-script.js:4:17).]]>
      </failure>
    </testcase>
    <testcase name="Each data object has field and message properties" time="0.200" classname="Sendinblue">
      <failure type="AssertionFailure" message="Cannot read properties of undefined (reading 'forEach')">
        <![CDATA[Failed 1 times.]]>
        <![CDATA[Collection JSON ID: c5456dfd-df5c-4ebe-90a7-4025e6688d55.]]>
        <![CDATA[Collection name: Sendinblue.]]>
        <![CDATA[Request name: Sales CRM / Tasks / Create a task.]]>
        <![CDATA[Test description: Each data object has field and message properties.]]>
        <![CDATA[Error message: Cannot read properties of undefined (reading 'forEach').]]>
        <![CDATA[Stacktrace: TypeError: Cannot read properties of undefined (reading 'forEach')
   at Object.eval sandbox-script.js:5:17).]]>
      </failure>
    </testcase>
  </testsuite>
  <testsuite name="Sales CRM / Tasks / Get all task types" id="8bac8043-de0a-4dde-8d4f-4d899c50dd61" timestamp="2023-08-11T11:05:35.868Z" tests="4" failures="4" errors="0" time="0.242">
    <testcase name="Response status code is 200" time="0.242" classname="Sendinblue">
      <failure type="AssertionFailure" message="expected response to have status code 200 but got 401">
        <![CDATA[Failed 1 times.]]>
        <![CDATA[Collection JSON ID: c5456dfd-df5c-4ebe-90a7-4025e6688d55.]]>
        <![CDATA[Collection name: Sendinblue.]]>
        <![CDATA[Request name: Sales CRM / Tasks / Get all task types.]]>
        <![CDATA[Test description: Response status code is 200.]]>
        <![CDATA[Error message: expected response to have status code 200 but got 401.]]>
        <![CDATA[Stacktrace: AssertionError: expected response to have status code 200 but got 401
   at Object.eval sandbox-script.js:1:18).]]>
      </failure>
    </testcase>
    <testcase name="id should be a non-empty string" time="0.242" classname="Sendinblue">
      <failure type="AssertionFailure" message="expected { Object (message, code) } to be an array">
        <![CDATA[Failed 1 times.]]>
        <![CDATA[Collection JSON ID: c5456dfd-df5c-4ebe-90a7-4025e6688d55.]]>
        <![CDATA[Collection name: Sendinblue.]]>
        <![CDATA[Request name: Sales CRM / Tasks / Get all task types.]]>
        <![CDATA[Test description: id should be a non-empty string.]]>
        <![CDATA[Error message: expected { Object (message, code) } to be an array.]]>
        <![CDATA[Stacktrace: AssertionError: expected { Object (message, code) } to be an array
   at Object.eval sandbox-script.js:2:18).]]>
      </failure>
    </testcase>
    <testcase name="Title is a non-empty string" time="0.242" classname="Sendinblue">
      <failure type="AssertionFailure" message="expected { Object (message, code) } to be an array">
        <![CDATA[Failed 1 times.]]>
        <![CDATA[Collection JSON ID: c5456dfd-df5c-4ebe-90a7-4025e6688d55.]]>
        <![CDATA[Collection name: Sendinblue.]]>
        <![CDATA[Request name: Sales CRM / Tasks / Get all task types.]]>
        <![CDATA[Test description: Title is a non-empty string.]]>
        <![CDATA[Error message: expected { Object (message, code) } to be an array.]]>
        <![CDATA[Stacktrace: AssertionError: expected { Object (message, code) } to be an array
   at Object.eval sandbox-script.js:3:18).]]>
      </failure>
    </testcase>
    <testcase name="Response is an array with at least one element" time="0.242" classname="Sendinblue">
      <failure type="AssertionFailure" message="expected { Object (message, code) } to be an array">
        <![CDATA[Failed 1 times.]]>
        <![CDATA[Collection JSON ID: c5456dfd-df5c-4ebe-90a7-4025e6688d55.]]>
        <![CDATA[Collection name: Sendinblue.]]>
        <![CDATA[Request name: Sales CRM / Tasks / Get all task types.]]>
        <![CDATA[Test description: Response is an array with at least one element.]]>
        <![CDATA[Error message: expected { Object (message, code) } to be an array.]]>
        <![CDATA[Stacktrace: AssertionError: expected { Object (message, code) } to be an array
   at Object.eval sandbox-script.js:4:18).]]>
      </failure>
    </testcase>
  </testsuite>
  <testsuite name="Sales CRM / Tasks / Get a task" id="830d9422-0f88-4a42-acc8-77d4b518f4b4" timestamp="2023-08-11T11:05:35.868Z" tests="3" failures="1" errors="0" time="0.262">
    <testcase name="Response status code is 400" time="0.262" classname="Sendinblue">
      <failure type="AssertionFailure" message="expected 401 to equal 400">
        <![CDATA[Failed 1 times.]]>
        <![CDATA[Collection JSON ID: c5456dfd-df5c-4ebe-90a7-4025e6688d55.]]>
        <![CDATA[Collection name: Sendinblue.]]>
        <![CDATA[Request name: Sales CRM / Tasks / Get a task.]]>
        <![CDATA[Test description: Response status code is 400.]]>
        <![CDATA[Error message: expected 401 to equal 400.]]>
        <![CDATA[Stacktrace: AssertionError: expected 401 to equal 400
   at Object.eval sandbox-script.js:1:19).]]>
      </failure>
    </testcase>
    <testcase name="Response has required fields" time="0.262" classname="Sendinblue"/>
    <testcase name="message is a non-empty string" time="0.262" classname="Sendinblue"/>
  </testsuite>
  <testsuite name="Sales CRM / Tasks / Delete a task" id="bf6f51b7-daa9-4bc9-bf19-ad0137bedd6a" timestamp="2023-08-11T11:05:35.868Z" tests="3" failures="1" errors="0" time="0.196">
    <testcase name="Status code is 400" time="0.196" classname="Sendinblue">
      <failure type="AssertionFailure" message="expected response to have status code 400 but got 401">
        <![CDATA[Failed 1 times.]]>
        <![CDATA[Collection JSON ID: c5456dfd-df5c-4ebe-90a7-4025e6688d55.]]>
        <![CDATA[Collection name: Sendinblue.]]>
        <![CDATA[Request name: Sales CRM / Tasks / Delete a task.]]>
        <![CDATA[Test description: Status code is 400.]]>
        <![CDATA[Error message: expected response to have status code 400 but got 401.]]>
        <![CDATA[Stacktrace: AssertionError: expected response to have status code 400 but got 401
   at Object.eval sandbox-script.js:1:20).]]>
      </failure>
    </testcase>
    <testcase name="Response has a message property" time="0.196" classname="Sendinblue"/>
    <testcase name="Response content type is JSON" time="0.196" classname="Sendinblue"/>
  </testsuite>
  <testsuite name="Sales CRM / Tasks / Update a task" id="255cfe05-4dcb-4e0e-90f1-d3c8e25e9780" timestamp="2023-08-11T11:05:35.868Z" tests="4" failures="1" errors="0" time="0.204">
    <testcase name="Response status code is 400" time="0.204" classname="Sendinblue">
      <failure type="AssertionFailure" message="expected response to have status code 400 but got 401">
        <![CDATA[Failed 1 times.]]>
        <![CDATA[Collection JSON ID: c5456dfd-df5c-4ebe-90a7-4025e6688d55.]]>
        <![CDATA[Collection name: Sendinblue.]]>
        <![CDATA[Request name: Sales CRM / Tasks / Update a task.]]>
        <![CDATA[Test description: Response status code is 400.]]>
        <![CDATA[Error message: expected response to have status code 400 but got 401.]]>
        <![CDATA[Stacktrace: AssertionError: expected response to have status code 400 but got 401
   at Object.eval sandbox-script.js:1:21).]]>
      </failure>
    </testcase>
    <testcase name="Response has the required fields" time="0.204" classname="Sendinblue"/>
    <testcase name="Message is a non-empty string" time="0.204" classname="Sendinblue"/>
    <testcase name="Response time is in an acceptable range" time="0.204" classname="Sendinblue"/>
  </testsuite>
  <testsuite name="Sales CRM / Notes / Get all notes" id="288d7648-f678-4939-b2dd-eeed9fe69287" timestamp="2023-08-11T11:05:35.868Z" tests="2" failures="1" errors="0" time="0.275">
    <testcase name="Response status code is 400" time="0.275" classname="Sendinblue">
      <failure type="AssertionFailure" message="expected response to have status code 400 but got 401">
        <![CDATA[Failed 1 times.]]>
        <![CDATA[Collection JSON ID: c5456dfd-df5c-4ebe-90a7-4025e6688d55.]]>
        <![CDATA[Collection name: Sendinblue.]]>
        <![CDATA[Request name: Sales CRM / Notes / Get all notes.]]>
        <![CDATA[Test description: Response status code is 400.]]>
        <![CDATA[Error message: expected response to have status code 400 but got 401.]]>
        <![CDATA[Stacktrace: AssertionError: expected response to have status code 400 but got 401
   at Object.eval sandbox-script.js:1:22).]]>
      </failure>
    </testcase>
    <testcase name="Message is a non-empty string" time="0.275" classname="Sendinblue"/>
  </testsuite>
  <testsuite name="Sales CRM / Notes / Create a note" id="fc42ac5a-b0f5-4276-bf29-a395f2a77e18" timestamp="2023-08-11T11:05:35.868Z" tests="4" failures="1" errors="0" time="0.194">
    <testcase name="Response status code is 400" time="0.194" classname="Sendinblue">
      <failure type="AssertionFailure" message="expected response to have status code 400 but got 401">
        <![CDATA[Failed 1 times.]]>
        <![CDATA[Collection JSON ID: c5456dfd-df5c-4ebe-90a7-4025e6688d55.]]>
        <![CDATA[Collection name: Sendinblue.]]>
        <![CDATA[Request name: Sales CRM / Notes / Create a note.]]>
        <![CDATA[Test description: Response status code is 400.]]>
        <![CDATA[Error message: expected response to have status code 400 but got 401.]]>
        <![CDATA[Stacktrace: AssertionError: expected response to have status code 400 but got 401
   at Object.eval sandbox-script.js:1:23).]]>
      </failure>
    </testcase>
    <testcase name="Response has the required field - message" time="0.194" classname="Sendinblue"/>
    <testcase name="The meesage should be a non-empty string" time="0.194" classname="Sendinblue"/>
    <testcase name="Response time is less than 500ms" time="0.194" classname="Sendinblue"/>
  </testsuite>
  <testsuite name="Sales CRM / Notes / Get a note" id="50d40aee-dba1-46a7-a53b-8dd0d789e578" timestamp="2023-08-11T11:05:35.868Z" tests="4" failures="1" errors="0" time="0.232">
    <testcase name="Response status code is 400" time="0.232" classname="Sendinblue">
      <failure type="AssertionFailure" message="expected response to have status code 400 but got 401">
        <![CDATA[Failed 1 times.]]>
        <![CDATA[Collection JSON ID: c5456dfd-df5c-4ebe-90a7-4025e6688d55.]]>
        <![CDATA[Collection name: Sendinblue.]]>
        <![CDATA[Request name: Sales CRM / Notes / Get a note.]]>
        <![CDATA[Test description: Response status code is 400.]]>
        <![CDATA[Error message: expected response to have status code 400 but got 401.]]>
        <![CDATA[Stacktrace: AssertionError: expected response to have status code 400 but got 401
   at Object.eval sandbox-script.js:1:24).]]>
      </failure>
    </testcase>
    <testcase name="Response has the required field - message" time="0.232" classname="Sendinblue"/>
    <testcase name="The meesage should be a non-empty string" time="0.232" classname="Sendinblue"/>
    <testcase name="Response time is less than 500ms" time="0.232" classname="Sendinblue"/>
  </testsuite>
  <testsuite name="Sales CRM / Notes / Update a note" id="19e63473-623b-4114-8b5f-0a4ad342c0f9" timestamp="2023-08-11T11:05:35.868Z" tests="4" failures="1" errors="0" time="0.197">
    <testcase name="Response status code is 400" time="0.197" classname="Sendinblue">
      <failure type="AssertionFailure" message="expected response to have status code 400 but got 401">
        <![CDATA[Failed 1 times.]]>
        <![CDATA[Collection JSON ID: c5456dfd-df5c-4ebe-90a7-4025e6688d55.]]>
        <![CDATA[Collection name: Sendinblue.]]>
        <![CDATA[Request name: Sales CRM / Notes / Update a note.]]>
        <![CDATA[Test description: Response status code is 400.]]>
        <![CDATA[Error message: expected response to have status code 400 but got 401.]]>
        <![CDATA[Stacktrace: AssertionError: expected response to have status code 400 but got 401
   at Object.eval sandbox-script.js:1:25).]]>
      </failure>
    </testcase>
    <testcase name="Response has the required field - message" time="0.197" classname="Sendinblue"/>
    <testcase name="The meesage should be a non-empty string" time="0.197" classname="Sendinblue"/>
    <testcase name="Response time is less than 500ms" time="0.197" classname="Sendinblue"/>
  </testsuite>
  <testsuite name="Sales CRM / Notes / Delete a note" id="2a4498e2-5a7d-49df-b68e-8b54285c6a1f" timestamp="2023-08-11T11:05:35.868Z" tests="4" failures="1" errors="0" time="0.182">
    <testcase name="Response status code is 400" time="0.182" classname="Sendinblue">
      <failure type="AssertionFailure" message="expected response to have status code 400 but got 401">
        <![CDATA[Failed 1 times.]]>
        <![CDATA[Collection JSON ID: c5456dfd-df5c-4ebe-90a7-4025e6688d55.]]>
        <![CDATA[Collection name: Sendinblue.]]>
        <![CDATA[Request name: Sales CRM / Notes / Delete a note.]]>
        <![CDATA[Test description: Response status code is 400.]]>
        <![CDATA[Error message: expected response to have status code 400 but got 401.]]>
        <![CDATA[Stacktrace: AssertionError: expected response to have status code 400 but got 401
   at Object.eval sandbox-script.js:1:26).]]>
      </failure>
    </testcase>
    <testcase name="Response has the required field - message" time="0.182" classname="Sendinblue"/>
    <testcase name="The meesage should be a non-empty string" time="0.182" classname="Sendinblue"/>
    <testcase name="Response time is less than 500ms" time="0.182" classname="Sendinblue"/>
  </testsuite>
  <testsuite name="Sales CRM / Files / Get all files" id="b7ac5644-6f45-42f6-9fc2-6b5445c012aa" timestamp="2023-08-11T11:05:35.868Z" tests="4" failures="1" errors="0" time="0.222">
    <testcase name="Response status code is 400" time="0.222" classname="Sendinblue">
      <failure type="AssertionFailure" message="expected response to have status code 400 but got 401">
        <![CDATA[Failed 1 times.]]>
        <![CDATA[Collection JSON ID: c5456dfd-df5c-4ebe-90a7-4025e6688d55.]]>
        <![CDATA[Collection name: Sendinblue.]]>
        <![CDATA[Request name: Sales CRM / Files / Get all files.]]>
        <![CDATA[Test description: Response status code is 400.]]>
        <![CDATA[Error message: expected response to have status code 400 but got 401.]]>
        <![CDATA[Stacktrace: AssertionError: expected response to have status code 400 but got 401
   at Object.eval sandbox-script.js:1:27).]]>
      </failure>
    </testcase>
    <testcase name="Response has the required field - message" time="0.222" classname="Sendinblue"/>
    <testcase name="The meesage should be a non-empty string" time="0.222" classname="Sendinblue"/>
    <testcase name="Response time is less than 500ms" time="0.222" classname="Sendinblue"/>
  </testsuite>
  <testsuite name="Sales CRM / Files / Upload a file" id="c1c67e6c-85a6-4644-b947-884eddf8187e" timestamp="2023-08-11T11:05:35.868Z" tests="4" failures="1" errors="0" time="0.194">
    <testcase name="Response status code is 400" time="0.194" classname="Sendinblue">
      <failure type="AssertionFailure" message="expected response to have status code 400 but got 401">
        <![CDATA[Failed 1 times.]]>
        <![CDATA[Collection JSON ID: c5456dfd-df5c-4ebe-90a7-4025e6688d55.]]>
        <![CDATA[Collection name: Sendinblue.]]>
        <![CDATA[Request name: Sales CRM / Files / Upload a file.]]>
        <![CDATA[Test description: Response status code is 400.]]>
        <![CDATA[Error message: expected response to have status code 400 but got 401.]]>
        <![CDATA[Stacktrace: AssertionError: expected response to have status code 400 but got 401
   at Object.eval sandbox-script.js:1:28).]]>
      </failure>
    </testcase>
    <testcase name="Response has the required field - message" time="0.194" classname="Sendinblue"/>
    <testcase name="The meesage should be a non-empty string" time="0.194" classname="Sendinblue"/>
    <testcase name="Response time is less than 500ms" time="0.194" classname="Sendinblue"/>
  </testsuite>
  <testsuite name="Sales CRM / Files / Download a file" id="7e5ed5db-2d19-470f-bb38-99bb4c5bf983" timestamp="2023-08-11T11:05:35.868Z" tests="3" failures="1" errors="0" time="0.233">
    <testcase name="Response status code is 400" time="0.233" classname="Sendinblue">
      <failure type="AssertionFailure" message="expected response to have status code 400 but got 401">
        <![CDATA[Failed 1 times.]]>
        <![CDATA[Collection JSON ID: c5456dfd-df5c-4ebe-90a7-4025e6688d55.]]>
        <![CDATA[Collection name: Sendinblue.]]>
        <![CDATA[Request name: Sales CRM / Files / Download a file.]]>
        <![CDATA[Test description: Response status code is 400.]]>
        <![CDATA[Error message: expected response to have status code 400 but got 401.]]>
        <![CDATA[Stacktrace: AssertionError: expected response to have status code 400 but got 401
   at Object.eval sandbox-script.js:1:29).]]>
      </failure>
    </testcase>
    <testcase name="Response has the required field - message" time="0.233" classname="Sendinblue"/>
    <testcase name="Response time is less than 500ms" time="0.233" classname="Sendinblue"/>
  </testsuite>
  <testsuite name="Sales CRM / Files / Delete a file" id="45265000-df64-4e19-8dd9-bb769a3798e3" timestamp="2023-08-11T11:05:35.868Z" tests="3" failures="1" errors="0" time="0.203">
    <testcase name="Response status code is 400" time="0.203" classname="Sendinblue">
      <failure type="AssertionFailure" message="expected response to have status code 400 but got 401">
        <![CDATA[Failed 1 times.]]>
        <![CDATA[Collection JSON ID: c5456dfd-df5c-4ebe-90a7-4025e6688d55.]]>
        <![CDATA[Collection name: Sendinblue.]]>
        <![CDATA[Request name: Sales CRM / Files / Delete a file.]]>
        <![CDATA[Test description: Response status code is 400.]]>
        <![CDATA[Error message: expected response to have status code 400 but got 401.]]>
        <![CDATA[Stacktrace: AssertionError: expected response to have status code 400 but got 401
   at Object.eval sandbox-script.js:1:30).]]>
      </failure>
    </testcase>
    <testcase name="Response has the required field - message" time="0.203" classname="Sendinblue"/>
    <testcase name="Response time is less than 500ms" time="0.203" classname="Sendinblue"/>
  </testsuite>
  <testsuite name="Sales CRM / Files / Get file details" id="c6fb6fce-6a91-4376-bbd9-243d095e60b7" timestamp="2023-08-11T11:05:35.868Z" tests="3" failures="1" errors="0" time="0.293">
    <testcase name="Response status code is 400" time="0.293" classname="Sendinblue">
      <failure type="AssertionFailure" message="expected response to have status code 400 but got 401">
        <![CDATA[Failed 1 times.]]>
        <![CDATA[Collection JSON ID: c5456dfd-df5c-4ebe-90a7-4025e6688d55.]]>
        <![CDATA[Collection name: Sendinblue.]]>
        <![CDATA[Request name: Sales CRM / Files / Get file details.]]>
        <![CDATA[Test description: Response status code is 400.]]>
        <![CDATA[Error message: expected response to have status code 400 but got 401.]]>
        <![CDATA[Stacktrace: AssertionError: expected response to have status code 400 but got 401
   at Object.eval sandbox-script.js:1:31).]]>
      </failure>
    </testcase>
    <testcase name="Response has the required field - message" time="0.293" classname="Sendinblue"/>
    <testcase name="Response time is less than 500ms" time="0.293" classname="Sendinblue"/>
  </testsuite>
  <testsuite name="Marketing / Email Campaigns / Get an email campaign report" id="7c50a78e-3518-4cfb-a9a7-52a797ea8e3a" timestamp="2023-08-11T11:05:35.868Z" tests="5" failures="1" errors="0" time="0.321">
    <testcase name="Response status code is 404" time="0.321" classname="Sendinblue">
      <failure type="AssertionFailure" message="expected response to have status code 404 but got 401">
        <![CDATA[Failed 1 times.]]>
        <![CDATA[Collection JSON ID: c5456dfd-df5c-4ebe-90a7-4025e6688d55.]]>
        <![CDATA[Collection name: Sendinblue.]]>
        <![CDATA[Request name: Marketing / Email Campaigns / Get an email campaign report.]]>
        <![CDATA[Test description: Response status code is 404.]]>
        <![CDATA[Error message: expected response to have status code 404 but got 401.]]>
        <![CDATA[Stacktrace: AssertionError: expected response to have status code 404 but got 401
   at Object.eval sandbox-script.js:1:32).]]>
      </failure>
    </testcase>
    <testcase name="Response has 'code' property" time="0.321" classname="Sendinblue"/>
    <testcase name="Response has 'message' property" time="0.321" classname="Sendinblue"/>
    <testcase name="Response has the required field - message" time="0.321" classname="Sendinblue"/>
    <testcase name="Response time is less than 500ms" time="0.321" classname="Sendinblue"/>
  </testsuite>
  <testsuite name="Marketing / Email Campaigns / Update an email campaign" id="8e9f37ab-dc7a-44df-b04a-34c5c2d4f6ae" timestamp="2023-08-11T11:05:35.868Z" tests="5" failures="1" errors="0" time="0.221">
    <testcase name="Response status code is 400" time="0.221" classname="Sendinblue">
      <failure type="AssertionFailure" message="expected response to have status code 400 but got 401">
        <![CDATA[Failed 1 times.]]>
        <![CDATA[Collection JSON ID: c5456dfd-df5c-4ebe-90a7-4025e6688d55.]]>
        <![CDATA[Collection name: Sendinblue.]]>
        <![CDATA[Request name: Marketing / Email Campaigns / Update an email campaign.]]>
        <![CDATA[Test description: Response status code is 400.]]>
        <![CDATA[Error message: expected response to have status code 400 but got 401.]]>
        <![CDATA[Stacktrace: AssertionError: expected response to have status code 400 but got 401
   at Object.eval sandbox-script.js:1:33).]]>
      </failure>
    </testcase>
    <testcase name="Response has 'code' property" time="0.221" classname="Sendinblue"/>
    <testcase name="Response has 'message' property" time="0.221" classname="Sendinblue"/>
    <testcase name="Response has the required field - message" time="0.221" classname="Sendinblue"/>
    <testcase name="Response time is less than 500ms" time="0.221" classname="Sendinblue"/>
  </testsuite>
  <testsuite name="Marketing / Email Campaigns / Delete an email campaign" id="d248409c-c80e-46f5-bd46-0f0a10186909" timestamp="2023-08-11T11:05:35.868Z" tests="5" failures="1" errors="0" time="0.184">
    <testcase name="Response status code is 404" time="0.184" classname="Sendinblue">
      <failure type="AssertionFailure" message="expected response to have status code 404 but got 401">
        <![CDATA[Failed 1 times.]]>
        <![CDATA[Collection JSON ID: c5456dfd-df5c-4ebe-90a7-4025e6688d55.]]>
        <![CDATA[Collection name: Sendinblue.]]>
        <![CDATA[Request name: Marketing / Email Campaigns / Delete an email campaign.]]>
        <![CDATA[Test description: Response status code is 404.]]>
        <![CDATA[Error message: expected response to have status code 404 but got 401.]]>
        <![CDATA[Stacktrace: AssertionError: expected response to have status code 404 but got 401
   at Object.eval sandbox-script.js:1:34).]]>
      </failure>
    </testcase>
    <testcase name="Response has 'code' property" time="0.184" classname="Sendinblue"/>
    <testcase name="Response has 'message' property" time="0.184" classname="Sendinblue"/>
    <testcase name="Response has the required field - message" time="0.184" classname="Sendinblue"/>
    <testcase name="Response time is less than 500ms" time="0.184" classname="Sendinblue"/>
  </testsuite>
  <testsuite name="Marketing / Email Campaigns / Send an email campaign immediately, based on campaignId" id="be8f2619-035d-40db-aa16-632c346f2d27" timestamp="2023-08-11T11:05:35.868Z" tests="5" failures="1" errors="0" time="0.183">
    <testcase name="Response status code is 404" time="0.183" classname="Sendinblue">
      <failure type="AssertionFailure" message="expected response to have status code 404 but got 401">
        <![CDATA[Failed 1 times.]]>
        <![CDATA[Collection JSON ID: c5456dfd-df5c-4ebe-90a7-4025e6688d55.]]>
        <![CDATA[Collection name: Sendinblue.]]>
        <![CDATA[Request name: Marketing / Email Campaigns / Send an email campaign immediately, based on campaignId.]]>
        <![CDATA[Test description: Response status code is 404.]]>
        <![CDATA[Error message: expected response to have status code 404 but got 401.]]>
        <![CDATA[Stacktrace: AssertionError: expected response to have status code 404 but got 401
   at Object.eval sandbox-script.js:1:35).]]>
      </failure>
    </testcase>
    <testcase name="Response has 'code' property" time="0.183" classname="Sendinblue"/>
    <testcase name="Response has 'message' property" time="0.183" classname="Sendinblue"/>
    <testcase name="Response has the required field - message" time="0.183" classname="Sendinblue"/>
    <testcase name="Response time is less than 500ms" time="0.183" classname="Sendinblue"/>
  </testsuite>
  <testsuite name="Marketing / Email Campaigns / Send an email campaign to your test list" id="08b95ec3-8ed2-42e9-85c5-db76b3465c7a" timestamp="2023-08-11T11:05:35.868Z" tests="5" failures="1" errors="0" time="0.184">
    <testcase name="Response status code is 404" time="0.184" classname="Sendinblue">
      <failure type="AssertionFailure" message="expected response to have status code 404 but got 401">
        <![CDATA[Failed 1 times.]]>
        <![CDATA[Collection JSON ID: c5456dfd-df5c-4ebe-90a7-4025e6688d55.]]>
        <![CDATA[Collection name: Sendinblue.]]>
        <![CDATA[Request name: Marketing / Email Campaigns / Send an email campaign to your test list.]]>
        <![CDATA[Test description: Response status code is 404.]]>
        <![CDATA[Error message: expected response to have status code 404 but got 401.]]>
        <![CDATA[Stacktrace: AssertionError: expected response to have status code 404 but got 401
   at Object.eval sandbox-script.js:1:36).]]>
      </failure>
    </testcase>
    <testcase name="Response has 'code' property" time="0.184" classname="Sendinblue"/>
    <testcase name="Response has 'message' property" time="0.184" classname="Sendinblue"/>
    <testcase name="Response has the required field - message" time="0.184" classname="Sendinblue"/>
    <testcase name="Response time is less than 500ms" time="0.184" classname="Sendinblue"/>
  </testsuite>
  <testsuite name="Marketing / Email Campaigns / Update an email campaign status" id="ccc12cbd-89cd-453b-b0b0-4a71c38902f8" timestamp="2023-08-11T11:05:35.868Z" tests="5" failures="1" errors="0" time="0.194">
    <testcase name="Response status code is 404" time="0.194" classname="Sendinblue">
      <failure type="AssertionFailure" message="expected response to have status code 404 but got 401">
        <![CDATA[Failed 1 times.]]>
        <![CDATA[Collection JSON ID: c5456dfd-df5c-4ebe-90a7-4025e6688d55.]]>
        <![CDATA[Collection name: Sendinblue.]]>
        <![CDATA[Request name: Marketing / Email Campaigns / Update an email campaign status.]]>
        <![CDATA[Test description: Response status code is 404.]]>
        <![CDATA[Error message: expected response to have status code 404 but got 401.]]>
        <![CDATA[Stacktrace: AssertionError: expected response to have status code 404 but got 401
   at Object.eval sandbox-script.js:1:37).]]>
      </failure>
    </testcase>
    <testcase name="Response has 'code' property" time="0.194" classname="Sendinblue"/>
    <testcase name="Response has 'message' property" time="0.194" classname="Sendinblue"/>
    <testcase name="Response has the required field - message" time="0.194" classname="Sendinblue"/>
    <testcase name="Response time is less than 500ms" time="0.194" classname="Sendinblue"/>
  </testsuite>
  <testsuite name="Marketing / Email Campaigns / Send the report of a campaign" id="b7c3cb7e-fa7f-4be0-ab7c-9f272db88173" timestamp="2023-08-11T11:05:35.868Z" tests="5" failures="1" errors="0" time="0.213">
    <testcase name="Response status code is 404" time="0.213" classname="Sendinblue">
      <failure type="AssertionFailure" message="expected response to have status code 404 but got 401">
        <![CDATA[Failed 1 times.]]>
        <![CDATA[Collection JSON ID: c5456dfd-df5c-4ebe-90a7-4025e6688d55.]]>
        <![CDATA[Collection name: Sendinblue.]]>
        <![CDATA[Request name: Marketing / Email Campaigns / Send the report of a campaign.]]>
        <![CDATA[Test description: Response status code is 404.]]>
        <![CDATA[Error message: expected response to have status code 404 but got 401.]]>
        <![CDATA[Stacktrace: AssertionError: expected response to have status code 404 but got 401
   at Object.eval sandbox-script.js:1:38).]]>
      </failure>
    </testcase>
    <testcase name="Response has 'code' property" time="0.213" classname="Sendinblue"/>
    <testcase name="Response has 'message' property" time="0.213" classname="Sendinblue"/>
    <testcase name="Response has the required field - message" time="0.213" classname="Sendinblue"/>
    <testcase name="Response time is less than 500ms" time="0.213" classname="Sendinblue"/>
  </testsuite>
  <testsuite name="Marketing / Email Campaigns / Get an A/B test email campaign results" id="0a053444-22b0-46ca-a18b-c0d5c58924df" timestamp="2023-08-11T11:05:35.868Z" tests="6" failures="1" errors="0" time="0.190">
    <testcase name="Response status code is 404" time="0.190" classname="Sendinblue">
      <failure type="AssertionFailure" message="expected response to have status code 404 but got 401">
        <![CDATA[Failed 1 times.]]>
        <![CDATA[Collection JSON ID: c5456dfd-df5c-4ebe-90a7-4025e6688d55.]]>
        <![CDATA[Collection name: Sendinblue.]]>
        <![CDATA[Request name: Marketing / Email Campaigns / Get an A/B test email campaign results.]]>
        <![CDATA[Test description: Response status code is 404.]]>
        <![CDATA[Error message: expected response to have status code 404 but got 401.]]>
        <![CDATA[Stacktrace: AssertionError: expected response to have status code 404 but got 401
   at Object.eval sandbox-script.js:1:39).]]>
      </failure>
    </testcase>
    <testcase name="Response has 'code' property" time="0.190" classname="Sendinblue"/>
    <testcase name="Response has 'message' property" time="0.190" classname="Sendinblue"/>
    <testcase name="Response has the required field - message" time="0.190" classname="Sendinblue"/>
    <testcase name="Response time is less than 500ms" time="0.190" classname="Sendinblue"/>
    <testcase name="Content-Type is present" time="0.190" classname="Sendinblue"/>
  </testsuite>
  <testsuite name="Marketing / Email Campaigns / Get a shared template url" id="e1245008-7134-443f-80f4-7c34152aeccf" timestamp="2023-08-11T11:05:35.868Z" tests="6" failures="1" errors="0" time="0.227">
    <testcase name="Response status code is 404" time="0.227" classname="Sendinblue">
      <failure type="AssertionFailure" message="expected response to have status code 404 but got 401">
        <![CDATA[Failed 1 times.]]>
        <![CDATA[Collection JSON ID: c5456dfd-df5c-4ebe-90a7-4025e6688d55.]]>
        <![CDATA[Collection name: Sendinblue.]]>
        <![CDATA[Request name: Marketing / Email Campaigns / Get a shared template url.]]>
        <![CDATA[Test description: Response status code is 404.]]>
        <![CDATA[Error message: expected response to have status code 404 but got 401.]]>
        <![CDATA[Stacktrace: AssertionError: expected response to have status code 404 but got 401
   at Object.eval sandbox-script.js:1:40).]]>
      </failure>
    </testcase>
    <testcase name="Response has 'code' property" time="0.227" classname="Sendinblue"/>
    <testcase name="Response has 'message' property" time="0.227" classname="Sendinblue"/>
    <testcase name="Response has the required field - message" time="0.227" classname="Sendinblue"/>
    <testcase name="Response time is less than 500ms" time="0.227" classname="Sendinblue"/>
    <testcase name="Content-Type is present" time="0.227" classname="Sendinblue"/>
  </testsuite>
  <testsuite name="Marketing / Email Campaigns / Export the recipients of an email campaign" id="4e30401e-0b86-4800-b881-a93404ff731b" timestamp="2023-08-11T11:05:35.868Z" tests="0" failures="0" errors="0" time="0.170"/>
  <testsuite name="Marketing / Email Campaigns / Return all your created email campaigns" id="2b160117-2dfd-4c68-84db-8c1cab85ed22" timestamp="2023-08-11T11:05:35.868Z" tests="6" failures="0" errors="0" time="0.242">
    <testcase name="Response status code is 401" time="0.242" classname="Sendinblue"/>
    <testcase name="Response has 'code' property" time="0.242" classname="Sendinblue"/>
    <testcase name="Response has 'message' property" time="0.242" classname="Sendinblue"/>
    <testcase name="Response has the required field - message" time="0.242" classname="Sendinblue"/>
    <testcase name="Response time is less than 500ms" time="0.242" classname="Sendinblue"/>
    <testcase name="Content-Type is present" time="0.242" classname="Sendinblue"/>
  </testsuite>
  <testsuite name="Marketing / Email Campaigns / Create an email campaign" id="c64d7682-e583-4aa3-acc1-7a594e017cd8" timestamp="2023-08-11T11:05:35.868Z" tests="6" failures="0" errors="0" time="0.215">
    <testcase name="Response status code is 401" time="0.215" classname="Sendinblue"/>
    <testcase name="Response has 'code' property" time="0.215" classname="Sendinblue"/>
    <testcase name="Response has 'message' property" time="0.215" classname="Sendinblue"/>
    <testcase name="Response has the required field - message" time="0.215" classname="Sendinblue"/>
    <testcase name="Response time is less than 500ms" time="0.215" classname="Sendinblue"/>
    <testcase name="Content-Type is present" time="0.215" classname="Sendinblue"/>
  </testsuite>
  <testsuite name="Marketing / Email Campaigns / Upload an image to your account's image gallery" id="adfb3c7b-54fa-4ed2-a9e7-c230924bac8c" timestamp="2023-08-11T11:05:35.868Z" tests="6" failures="1" errors="0" time="0.196">
    <testcase name="Response status code is 400" time="0.196" classname="Sendinblue">
      <failure type="AssertionFailure" message="expected response to have status code 400 but got 401">
        <![CDATA[Failed 1 times.]]>
        <![CDATA[Collection JSON ID: c5456dfd-df5c-4ebe-90a7-4025e6688d55.]]>
        <![CDATA[Collection name: Sendinblue.]]>
        <![CDATA[Request name: Marketing / Email Campaigns / Upload an image to your account's image gallery.]]>
        <![CDATA[Test description: Response status code is 400.]]>
        <![CDATA[Error message: expected response to have status code 400 but got 401.]]>
        <![CDATA[Stacktrace: AssertionError: expected response to have status code 400 but got 401
   at Object.eval sandbox-script.js:1:44).]]>
      </failure>
    </testcase>
    <testcase name="Response has 'code' property" time="0.196" classname="Sendinblue"/>
    <testcase name="Response has 'message' property" time="0.196" classname="Sendinblue"/>
    <testcase name="Response has the required field - message" time="0.196" classname="Sendinblue"/>
    <testcase name="Response time is less than 500ms" time="0.196" classname="Sendinblue"/>
    <testcase name="Content-Type is present" time="0.196" classname="Sendinblue"/>
  </testsuite>
  <testsuite name="Marketing / SMS Campaigns / Returns the information for all your created SMS campaigns" id="c787b42f-18a1-413e-98bb-3b1ed871bff9" timestamp="2023-08-11T11:05:35.868Z" tests="6" failures="0" errors="0" time="0.217">
    <testcase name="Response status code is 401" time="0.217" classname="Sendinblue"/>
    <testcase name="Response has 'code' property" time="0.217" classname="Sendinblue"/>
    <testcase name="Response has 'message' property" time="0.217" classname="Sendinblue"/>
    <testcase name="Response has the required field - message" time="0.217" classname="Sendinblue"/>
    <testcase name="Response time is less than 500ms" time="0.217" classname="Sendinblue"/>
    <testcase name="Content-Type is present" time="0.217" classname="Sendinblue"/>
  </testsuite>
  <testsuite name="Marketing / SMS Campaigns / Creates an SMS campaign" id="b55dea7a-5ced-471b-bcf9-23c353fc7ac7" timestamp="2023-08-11T11:05:35.868Z" tests="6" failures="0" errors="0" time="0.180">
    <testcase name="Response status code is 401" time="0.180" classname="Sendinblue"/>
    <testcase name="Response has 'code' property" time="0.180" classname="Sendinblue"/>
    <testcase name="Response has 'message' property" time="0.180" classname="Sendinblue"/>
    <testcase name="Response has the required field - message" time="0.180" classname="Sendinblue"/>
    <testcase name="Response time is less than 500ms" time="0.180" classname="Sendinblue"/>
    <testcase name="Content-Type is present" time="0.180" classname="Sendinblue"/>
  </testsuite>
  <testsuite name="Marketing / SMS Campaigns / Get an SMS campaign" id="1914a62e-31bb-4bdf-b1a0-02030fd3c9af" timestamp="2023-08-11T11:05:35.868Z" tests="6" failures="0" errors="0" time="0.209">
    <testcase name="Response status code is 401" time="0.209" classname="Sendinblue"/>
    <testcase name="Response has 'code' property" time="0.209" classname="Sendinblue"/>
    <testcase name="Response has 'message' property" time="0.209" classname="Sendinblue"/>
    <testcase name="Response has the required field - message" time="0.209" classname="Sendinblue"/>
    <testcase name="Response time is less than 500ms" time="0.209" classname="Sendinblue"/>
    <testcase name="Content-Type is present" time="0.209" classname="Sendinblue"/>
  </testsuite>
  <testsuite name="Marketing / SMS Campaigns / Update an SMS campaign" id="54b00c3a-26e3-4078-b6e7-748d8b879603" timestamp="2023-08-11T11:05:35.868Z" tests="6" failures="1" errors="0" time="0.209">
    <testcase name="Response status code is 404" time="0.209" classname="Sendinblue">
      <failure type="AssertionFailure" message="expected response to have status code 404 but got 401">
        <![CDATA[Failed 1 times.]]>
        <![CDATA[Collection JSON ID: c5456dfd-df5c-4ebe-90a7-4025e6688d55.]]>
        <![CDATA[Collection name: Sendinblue.]]>
        <![CDATA[Request name: Marketing / SMS Campaigns / Update an SMS campaign.]]>
        <![CDATA[Test description: Response status code is 404.]]>
        <![CDATA[Error message: expected response to have status code 404 but got 401.]]>
        <![CDATA[Stacktrace: AssertionError: expected response to have status code 404 but got 401
   at Object.eval sandbox-script.js:1:48).]]>
      </failure>
    </testcase>
    <testcase name="Response has 'code' property" time="0.209" classname="Sendinblue"/>
    <testcase name="Response has 'message' property" time="0.209" classname="Sendinblue"/>
    <testcase name="Response has the required field - message" time="0.209" classname="Sendinblue"/>
    <testcase name="Response time is less than 500ms" time="0.209" classname="Sendinblue"/>
    <testcase name="Content-Type is present" time="0.209" classname="Sendinblue"/>
  </testsuite>
  <testsuite name="Marketing / SMS Campaigns / Delete an SMS campaign" id="8dc37d05-afa0-4566-adaf-442c5a21f96d" timestamp="2023-08-11T11:05:35.868Z" tests="6" failures="1" errors="0" time="0.185">
    <testcase name="Response status code is 404" time="0.185" classname="Sendinblue">
      <failure type="AssertionFailure" message="expected response to have status code 404 but got 401">
        <![CDATA[Failed 1 times.]]>
        <![CDATA[Collection JSON ID: c5456dfd-df5c-4ebe-90a7-4025e6688d55.]]>
        <![CDATA[Collection name: Sendinblue.]]>
        <![CDATA[Request name: Marketing / SMS Campaigns / Delete an SMS campaign.]]>
        <![CDATA[Test description: Response status code is 404.]]>
        <![CDATA[Error message: expected response to have status code 404 but got 401.]]>
        <![CDATA[Stacktrace: AssertionError: expected response to have status code 404 but got 401
   at Object.eval sandbox-script.js:1:49).]]>
      </failure>
    </testcase>
    <testcase name="Response has 'code' property" time="0.185" classname="Sendinblue"/>
    <testcase name="Response has 'message' property" time="0.185" classname="Sendinblue"/>
    <testcase name="Response has the required field - message" time="0.185" classname="Sendinblue"/>
    <testcase name="Response time is less than 500ms" time="0.185" classname="Sendinblue"/>
    <testcase name="Content-Type is present" time="0.185" classname="Sendinblue"/>
  </testsuite>
  <testsuite name="Marketing / SMS Campaigns / Send your SMS campaign immediately" id="f926f4e7-d5ca-47b5-a2dc-fa91443cdbc2" timestamp="2023-08-11T11:05:35.868Z" tests="4" failures="0" errors="0" time="0.193">
    <testcase name="Response status code is 401" time="0.193" classname="Sendinblue"/>
    <testcase name="Response has 'code' property" time="0.193" classname="Sendinblue"/>
    <testcase name="Response has 'message' property" time="0.193" classname="Sendinblue"/>
    <testcase name="Response has the required field - message" time="0.193" classname="Sendinblue"/>
  </testsuite>
  <testsuite name="Marketing / SMS Campaigns / Update a campaign's status" id="8b6236c3-d16c-4056-9492-d6a5542baa71" timestamp="2023-08-11T11:05:35.868Z" tests="6" failures="1" errors="0" time="0.168">
    <testcase name="Response status code is 404" time="0.168" classname="Sendinblue">
      <failure type="AssertionFailure" message="expected response to have status code 404 but got 401">
        <![CDATA[Failed 1 times.]]>
        <![CDATA[Collection JSON ID: c5456dfd-df5c-4ebe-90a7-4025e6688d55.]]>
        <![CDATA[Collection name: Sendinblue.]]>
        <![CDATA[Request name: Marketing / SMS Campaigns / Update a campaign's status.]]>
        <![CDATA[Test description: Response status code is 404.]]>
        <![CDATA[Error message: expected response to have status code 404 but got 401.]]>
        <![CDATA[Stacktrace: AssertionError: expected response to have status code 404 but got 401
   at Object.eval sandbox-script.js:1:51).]]>
      </failure>
    </testcase>
    <testcase name="Response has 'code' property" time="0.168" classname="Sendinblue"/>
    <testcase name="Response has 'message' property" time="0.168" classname="Sendinblue"/>
    <testcase name="Response has the required field - message" time="0.168" classname="Sendinblue"/>
    <testcase name="Response time is less than 500ms" time="0.168" classname="Sendinblue"/>
    <testcase name="Content-Type is present" time="0.168" classname="Sendinblue"/>
  </testsuite>
  <testsuite name="Marketing / SMS Campaigns / Send a test SMS campaign" id="7bc36116-5281-4849-bf39-c0220954d394" timestamp="2023-08-11T11:05:35.868Z" tests="6" failures="0" errors="0" time="0.199">
    <testcase name="Response status code is 401" time="0.199" classname="Sendinblue"/>
    <testcase name="Response has 'code' property" time="0.199" classname="Sendinblue"/>
    <testcase name="Response has 'message' property" time="0.199" classname="Sendinblue"/>
    <testcase name="Response has the required field - message" time="0.199" classname="Sendinblue"/>
    <testcase name="Response time is less than 500ms" time="0.199" classname="Sendinblue"/>
    <testcase name="Content-Type is present" time="0.199" classname="Sendinblue"/>
  </testsuite>
  <testsuite name="Marketing / SMS Campaigns / Export an SMS campaign's recipients" id="d26eab99-b046-4d45-80de-8dba58f48feb" timestamp="2023-08-11T11:05:35.868Z" tests="6" failures="0" errors="0" time="0.194">
    <testcase name="Response status code is 401" time="0.194" classname="Sendinblue"/>
    <testcase name="Response has 'code' property" time="0.194" classname="Sendinblue"/>
    <testcase name="Response has 'message' property" time="0.194" classname="Sendinblue"/>
    <testcase name="Response has the required field - message" time="0.194" classname="Sendinblue"/>
    <testcase name="Response time is less than 500ms" time="0.194" classname="Sendinblue"/>
    <testcase name="Content-Type is present" time="0.194" classname="Sendinblue"/>
  </testsuite>
  <testsuite name="Marketing / SMS Campaigns / Send an SMS campaign's report" id="64425fd3-e4f7-4cb6-a349-a25db018a73e" timestamp="2023-08-11T11:05:35.868Z" tests="6" failures="0" errors="0" time="0.254">
    <testcase name="Response status code is 401" time="0.254" classname="Sendinblue"/>
    <testcase name="Response has 'code' property" time="0.254" classname="Sendinblue"/>
    <testcase name="Response has 'message' property" time="0.254" classname="Sendinblue"/>
    <testcase name="Response has the required field - message" time="0.254" classname="Sendinblue"/>
    <testcase name="Response time is less than 500ms" time="0.254" classname="Sendinblue"/>
    <testcase name="Content-Type is present" time="0.254" classname="Sendinblue"/>
  </testsuite>
  <testsuite name="Conversations / Messages / Send a message as an agent" id="4c67e1d9-1625-40bd-bf11-325641473255" timestamp="2023-08-11T11:05:35.868Z" tests="9" failures="0" errors="0" time="0.200">
    <testcase name="Response status code is 401" time="0.200" classname="Sendinblue"/>
    <testcase name="Response has 'code' property" time="0.200" classname="Sendinblue"/>
    <testcase name="Response has 'message' property" time="0.200" classname="Sendinblue"/>
    <testcase name="Response has the required field - message" time="0.200" classname="Sendinblue"/>
    <testcase name="Response time is less than 500ms" time="0.200" classname="Sendinblue"/>
    <testcase name="Content-Type is present" time="0.200" classname="Sendinblue"/>
    <testcase name="Response status code should be 401" time="0.200" classname="Sendinblue"/>
    <testcase name="Verify 'code' property is of type string" time="0.200" classname="Sendinblue"/>
    <testcase name="Verify that 'message' property is of type string" time="0.200" classname="Sendinblue"/>
  </testsuite>
  <testsuite name="Conversations / Messages / Get a message" id="b71f3cd9-4ebd-4aed-abdc-40591f23f3d8" timestamp="2023-08-11T11:05:35.868Z" tests="9" failures="0" errors="0" time="0.170">
    <testcase name="Response status code is 401" time="0.170" classname="Sendinblue"/>
    <testcase name="Response has 'code' property" time="0.170" classname="Sendinblue"/>
    <testcase name="Response has 'message' property" time="0.170" classname="Sendinblue"/>
    <testcase name="Response has the required field - message" time="0.170" classname="Sendinblue"/>
    <testcase name="Response time is less than 500ms" time="0.170" classname="Sendinblue"/>
    <testcase name="Content-Type is present" time="0.170" classname="Sendinblue"/>
    <testcase name="Response status code should be 401" time="0.170" classname="Sendinblue"/>
    <testcase name="Verify 'code' property is of type string" time="0.170" classname="Sendinblue"/>
    <testcase name="Verify that 'message' property is of type string" time="0.170" classname="Sendinblue"/>
  </testsuite>
  <testsuite name="Conversations / Messages / Update a message sent by an agent" id="bdde65d6-29db-4ee5-8992-f0f2b8003e0f" timestamp="2023-08-11T11:05:35.868Z" tests="9" failures="0" errors="0" time="0.171">
    <testcase name="Response status code is 401" time="0.171" classname="Sendinblue"/>
    <testcase name="Response has 'code' property" time="0.171" classname="Sendinblue"/>
    <testcase name="Response has 'message' property" time="0.171" classname="Sendinblue"/>
    <testcase name="Response has the required field - message" time="0.171" classname="Sendinblue"/>
    <testcase name="Response time is less than 500ms" time="0.171" classname="Sendinblue"/>
    <testcase name="Content-Type is present" time="0.171" classname="Sendinblue"/>
    <testcase name="Response status code should be 401" time="0.171" classname="Sendinblue"/>
    <testcase name="Verify 'code' property is of type string" time="0.171" classname="Sendinblue"/>
    <testcase name="Verify that 'message' property is of type string" time="0.171" classname="Sendinblue"/>
  </testsuite>
  <testsuite name="Conversations / Messages / Delete a message sent by an agent" id="0df061a3-9cfe-4bad-9ca9-f6be3c2de68b" timestamp="2023-08-11T11:05:35.868Z" tests="9" failures="0" errors="0" time="0.181">
    <testcase name="Response status code is 401" time="0.181" classname="Sendinblue"/>
    <testcase name="Response has 'code' property" time="0.181" classname="Sendinblue"/>
    <testcase name="Response has 'message' property" time="0.181" classname="Sendinblue"/>
    <testcase name="Response has the required field - message" time="0.181" classname="Sendinblue"/>
    <testcase name="Response time is less than 500ms" time="0.181" classname="Sendinblue"/>
    <testcase name="Content-Type is present" time="0.181" classname="Sendinblue"/>
    <testcase name="Response status code should be 401" time="0.181" classname="Sendinblue"/>
    <testcase name="Verify 'code' property is of type string" time="0.181" classname="Sendinblue"/>
    <testcase name="Verify that 'message' property is of type string" time="0.181" classname="Sendinblue"/>
  </testsuite>
  <testsuite name="Conversations / Status / Sets agents status to online for 2-3 minutes" id="a91d15d6-8442-4147-97e4-8c9fe4207563" timestamp="2023-08-11T11:05:35.868Z" tests="9" failures="0" errors="0" time="0.178">
    <testcase name="Response status code is 401" time="0.178" classname="Sendinblue"/>
    <testcase name="Response has 'code' property" time="0.178" classname="Sendinblue"/>
    <testcase name="Response has 'message' property" time="0.178" classname="Sendinblue"/>
    <testcase name="Response has the required field - message" time="0.178" classname="Sendinblue"/>
    <testcase name="Response time is less than 500ms" time="0.178" classname="Sendinblue"/>
    <testcase name="Content-Type is present" time="0.178" classname="Sendinblue"/>
    <testcase name="Response status code should be 401" time="0.178" classname="Sendinblue"/>
    <testcase name="Verify 'code' property is of type string" time="0.178" classname="Sendinblue"/>
    <testcase name="Verify that 'message' property is of type string" time="0.178" classname="Sendinblue"/>
  </testsuite>
  <testsuite name="Conversations / Pushed messages / Send an automated message to a visitor" id="a2454f88-5b9c-489b-bcf8-657b64dc2cd7" timestamp="2023-08-11T11:05:35.868Z" tests="9" failures="0" errors="0" time="0.176">
    <testcase name="Response status code is 401" time="0.176" classname="Sendinblue"/>
    <testcase name="Response has 'code' property" time="0.176" classname="Sendinblue"/>
    <testcase name="Response has 'message' property" time="0.176" classname="Sendinblue"/>
    <testcase name="Response has the required field - message" time="0.176" classname="Sendinblue"/>
    <testcase name="Response time is less than 500ms" time="0.176" classname="Sendinblue"/>
    <testcase name="Content-Type is present" time="0.176" classname="Sendinblue"/>
    <testcase name="Response status code should be 401" time="0.176" classname="Sendinblue"/>
    <testcase name="Verify 'code' property is of type string" time="0.176" classname="Sendinblue"/>
    <testcase name="Verify that 'message' property is of type string" time="0.176" classname="Sendinblue"/>
  </testsuite>
  <testsuite name="Conversations / Pushed messages / Get an automated message" id="e0f0207e-8b04-4fed-8a52-5cd2b95bf707" timestamp="2023-08-11T11:05:35.868Z" tests="9" failures="0" errors="0" time="0.253">
    <testcase name="Response status code is 401" time="0.253" classname="Sendinblue"/>
    <testcase name="Response has 'code' property" time="0.253" classname="Sendinblue"/>
    <testcase name="Response has 'message' property" time="0.253" classname="Sendinblue"/>
    <testcase name="Response has the required field - message" time="0.253" classname="Sendinblue"/>
    <testcase name="Response time is less than 500ms" time="0.253" classname="Sendinblue"/>
    <testcase name="Content-Type is present" time="0.253" classname="Sendinblue"/>
    <testcase name="Response status code should be 401" time="0.253" classname="Sendinblue"/>
    <testcase name="Verify 'code' property is of type string" time="0.253" classname="Sendinblue"/>
    <testcase name="Verify that 'message' property is of type string" time="0.253" classname="Sendinblue"/>
  </testsuite>
  <testsuite name="Conversations / Pushed messages / Update an automated message" id="635a8857-b7fe-43bb-8592-e06798f93877" timestamp="2023-08-11T11:05:35.868Z" tests="9" failures="0" errors="0" time="0.176">
    <testcase name="Response status code is 401" time="0.176" classname="Sendinblue"/>
    <testcase name="Response has 'code' property" time="0.176" classname="Sendinblue"/>
    <testcase name="Response has 'message' property" time="0.176" classname="Sendinblue"/>
    <testcase name="Response has the required field - message" time="0.176" classname="Sendinblue"/>
    <testcase name="Response time is less than 500ms" time="0.176" classname="Sendinblue"/>
    <testcase name="Content-Type is present" time="0.176" classname="Sendinblue"/>
    <testcase name="Response status code should be 401" time="0.176" classname="Sendinblue"/>
    <testcase name="Verify 'code' property is of type string" time="0.176" classname="Sendinblue"/>
    <testcase name="Verify that 'message' property is of type string" time="0.176" classname="Sendinblue"/>
  </testsuite>
  <testsuite name="Conversations / Pushed messages / Delete an automated message" id="03182c6d-42af-4e7b-885e-cf9fb74b0ad8" timestamp="2023-08-11T11:05:35.868Z" tests="9" failures="0" errors="0" time="0.168">
    <testcase name="Response status code is 401" time="0.168" classname="Sendinblue"/>
    <testcase name="Response has 'code' property" time="0.168" classname="Sendinblue"/>
    <testcase name="Response has 'message' property" time="0.168" classname="Sendinblue"/>
    <testcase name="Response has the required field - message" time="0.168" classname="Sendinblue"/>
    <testcase name="Response time is less than 500ms" time="0.168" classname="Sendinblue"/>
    <testcase name="Content-Type is present" time="0.168" classname="Sendinblue"/>
    <testcase name="Response status code should be 401" time="0.168" classname="Sendinblue"/>
    <testcase name="Verify 'code' property is of type string" time="0.168" classname="Sendinblue"/>
    <testcase name="Verify that 'message' property is of type string" time="0.168" classname="Sendinblue"/>
  </testsuite>
  <testsuite name="Contact management / Contacts / Get all the contacts" id="8deefe5e-31b3-4f73-ad99-5761af6064cc" timestamp="2023-08-11T11:05:35.868Z" tests="9" failures="0" errors="0" time="0.461">
    <testcase name="Response status code is 401" time="0.461" classname="Sendinblue"/>
    <testcase name="Response has 'code' property" time="0.461" classname="Sendinblue"/>
    <testcase name="Response has 'message' property" time="0.461" classname="Sendinblue"/>
    <testcase name="Response has the required field - message" time="0.461" classname="Sendinblue"/>
    <testcase name="Response time is less than 500ms" time="0.461" classname="Sendinblue"/>
    <testcase name="Content-Type is present" time="0.461" classname="Sendinblue"/>
    <testcase name="Response status code should be 401" time="0.461" classname="Sendinblue"/>
    <testcase name="Verify 'code' property is of type string" time="0.461" classname="Sendinblue"/>
    <testcase name="Verify that 'message' property is of type string" time="0.461" classname="Sendinblue"/>
  </testsuite>
  <testsuite name="Contact management / Contacts / Create a contact" id="38a7abd9-041a-425d-9d13-13f8f94098c3" timestamp="2023-08-11T11:05:35.868Z" tests="9" failures="0" errors="0" time="0.185">
    <testcase name="Response status code is 401" time="0.185" classname="Sendinblue"/>
    <testcase name="Response has 'code' property" time="0.185" classname="Sendinblue"/>
    <testcase name="Response has 'message' property" time="0.185" classname="Sendinblue"/>
    <testcase name="Response has the required field - message" time="0.185" classname="Sendinblue"/>
    <testcase name="Response time is less than 500ms" time="0.185" classname="Sendinblue"/>
    <testcase name="Content-Type is present" time="0.185" classname="Sendinblue"/>
    <testcase name="Response status code should be 401" time="0.185" classname="Sendinblue"/>
    <testcase name="Verify 'code' property is of type string" time="0.185" classname="Sendinblue"/>
    <testcase name="Verify that 'message' property is of type string" time="0.185" classname="Sendinblue"/>
  </testsuite>
  <testsuite name="Contact management / Contacts / Create Contact via DOI (Double-Opt-In) Flow" id="ae94ec21-2b3a-4617-af7d-d9422dd63f72" timestamp="2023-08-11T11:05:35.868Z" tests="9" failures="0" errors="0" time="0.188">
    <testcase name="Response status code is 401" time="0.188" classname="Sendinblue"/>
    <testcase name="Response has 'code' property" time="0.188" classname="Sendinblue"/>
    <testcase name="Response has 'message' property" time="0.188" classname="Sendinblue"/>
    <testcase name="Response has the required field - message" time="0.188" classname="Sendinblue"/>
    <testcase name="Response time is less than 500ms" time="0.188" classname="Sendinblue"/>
    <testcase name="Content-Type is present" time="0.188" classname="Sendinblue"/>
    <testcase name="Response status code should be 401" time="0.188" classname="Sendinblue"/>
    <testcase name="Verify 'code' property is of type string" time="0.188" classname="Sendinblue"/>
    <testcase name="Verify that 'message' property is of type string" time="0.188" classname="Sendinblue"/>
  </testsuite>
  <testsuite name="Contact management / Contacts / Update multiple contacts" id="1690ae8b-722b-42ee-865a-add2dc4cade2" timestamp="2023-08-11T11:05:35.868Z" tests="9" failures="0" errors="0" time="0.202">
    <testcase name="Response status code is 401" time="0.202" classname="Sendinblue"/>
    <testcase name="Response has 'code' property" time="0.202" classname="Sendinblue"/>
    <testcase name="Response has 'message' property" time="0.202" classname="Sendinblue"/>
    <testcase name="Response has the required field - message" time="0.202" classname="Sendinblue"/>
    <testcase name="Response time is less than 500ms" time="0.202" classname="Sendinblue"/>
    <testcase name="Content-Type is present" time="0.202" classname="Sendinblue"/>
    <testcase name="Response status code should be 401" time="0.202" classname="Sendinblue"/>
    <testcase name="Verify 'code' property is of type string" time="0.202" classname="Sendinblue"/>
    <testcase name="Verify that 'message' property is of type string" time="0.202" classname="Sendinblue"/>
  </testsuite>
  <testsuite name="Contact management / Contacts / Export contacts" id="89b8ebb2-a2b7-4f6d-98c6-9bd37f0304e8" timestamp="2023-08-11T11:05:35.868Z" tests="9" failures="0" errors="0" time="0.206">
    <testcase name="Response status code is 401" time="0.206" classname="Sendinblue"/>
    <testcase name="Response has 'code' property" time="0.206" classname="Sendinblue"/>
    <testcase name="Response has 'message' property" time="0.206" classname="Sendinblue"/>
    <testcase name="Response has the required field - message" time="0.206" classname="Sendinblue"/>
    <testcase name="Response time is less than 500ms" time="0.206" classname="Sendinblue"/>
    <testcase name="Content-Type is present" time="0.206" classname="Sendinblue"/>
    <testcase name="Response status code should be 401" time="0.206" classname="Sendinblue"/>
    <testcase name="Verify 'code' property is of type string" time="0.206" classname="Sendinblue"/>
    <testcase name="Verify that 'message' property is of type string" time="0.206" classname="Sendinblue"/>
  </testsuite>
  <testsuite name="Contact management / Contacts / Import contacts" id="b80d5e7e-6895-49d2-83d3-cc628ab0a92d" timestamp="2023-08-11T11:05:35.868Z" tests="9" failures="0" errors="0" time="0.215">
    <testcase name="Response status code is 401" time="0.215" classname="Sendinblue"/>
    <testcase name="Response has 'code' property" time="0.215" classname="Sendinblue"/>
    <testcase name="Response has 'message' property" time="0.215" classname="Sendinblue"/>
    <testcase name="Response has the required field - message" time="0.215" classname="Sendinblue"/>
    <testcase name="Response time is less than 500ms" time="0.215" classname="Sendinblue"/>
    <testcase name="Content-Type is present" time="0.215" classname="Sendinblue"/>
    <testcase name="Response status code should be 401" time="0.215" classname="Sendinblue"/>
    <testcase name="Verify 'code' property is of type string" time="0.215" classname="Sendinblue"/>
    <testcase name="Verify that 'message' property is of type string" time="0.215" classname="Sendinblue"/>
  </testsuite>
  <testsuite name="Contact management / Contacts / Get a contact's details" id="5f5c39b4-870d-43c0-baad-aab648c292ef" timestamp="2023-08-11T11:05:35.868Z" tests="9" failures="0" errors="0" time="0.217">
    <testcase name="Response status code is 401" time="0.217" classname="Sendinblue"/>
    <testcase name="Response has 'code' property" time="0.217" classname="Sendinblue"/>
    <testcase name="Response has 'message' property" time="0.217" classname="Sendinblue"/>
    <testcase name="Response has the required field - message" time="0.217" classname="Sendinblue"/>
    <testcase name="Response time is less than 500ms" time="0.217" classname="Sendinblue"/>
    <testcase name="Content-Type is present" time="0.217" classname="Sendinblue"/>
    <testcase name="Response status code should be 401" time="0.217" classname="Sendinblue"/>
    <testcase name="Verify 'code' property is of type string" time="0.217" classname="Sendinblue"/>
    <testcase name="Verify that 'message' property is of type string" time="0.217" classname="Sendinblue"/>
  </testsuite>
  <testsuite name="Contact management / Contacts / Delete a contact" id="b14f9338-a74c-4366-ab8e-cf4de23fb20a" timestamp="2023-08-11T11:05:35.868Z" tests="9" failures="0" errors="0" time="0.179">
    <testcase name="Response status code is 401" time="0.179" classname="Sendinblue"/>
    <testcase name="Response has 'code' property" time="0.179" classname="Sendinblue"/>
    <testcase name="Response has 'message' property" time="0.179" classname="Sendinblue"/>
    <testcase name="Response has the required field - message" time="0.179" classname="Sendinblue"/>
    <testcase name="Response time is less than 500ms" time="0.179" classname="Sendinblue"/>
    <testcase name="Content-Type is present" time="0.179" classname="Sendinblue"/>
    <testcase name="Response status code should be 401" time="0.179" classname="Sendinblue"/>
    <testcase name="Verify 'code' property is of type string" time="0.179" classname="Sendinblue"/>
    <testcase name="Verify that 'message' property is of type string" time="0.179" classname="Sendinblue"/>
  </testsuite>
  <testsuite name="Contact management / Contacts / Update a contact" id="c2ede0b7-eca2-4534-893f-84701714a2b2" timestamp="2023-08-11T11:05:35.868Z" tests="9" failures="0" errors="0" time="0.213">
    <testcase name="Response status code is 401" time="0.213" classname="Sendinblue"/>
    <testcase name="Response has 'code' property" time="0.213" classname="Sendinblue"/>
    <testcase name="Response has 'message' property" time="0.213" classname="Sendinblue"/>
    <testcase name="Response has the required field - message" time="0.213" classname="Sendinblue"/>
    <testcase name="Response time is less than 500ms" time="0.213" classname="Sendinblue"/>
    <testcase name="Content-Type is present" time="0.213" classname="Sendinblue"/>
    <testcase name="Response status code should be 401" time="0.213" classname="Sendinblue"/>
    <testcase name="Verify 'code' property is of type string" time="0.213" classname="Sendinblue"/>
    <testcase name="Verify that 'message' property is of type string" time="0.213" classname="Sendinblue"/>
  </testsuite>
  <testsuite name="Contact management / Contacts / Get email campaigns' statistics for a contact" id="555e2237-aaf5-495b-b4fb-7b016ae2d873" timestamp="2023-08-11T11:05:35.868Z" tests="9" failures="0" errors="0" time="0.203">
    <testcase name="Response status code is 401" time="0.203" classname="Sendinblue"/>
    <testcase name="Response has 'code' property" time="0.203" classname="Sendinblue"/>
    <testcase name="Response has 'message' property" time="0.203" classname="Sendinblue"/>
    <testcase name="Response has the required field - message" time="0.203" classname="Sendinblue"/>
    <testcase name="Response time is less than 500ms" time="0.203" classname="Sendinblue"/>
    <testcase name="Content-Type is present" time="0.203" classname="Sendinblue"/>
    <testcase name="Response status code should be 401" time="0.203" classname="Sendinblue"/>
    <testcase name="Verify 'code' property is of type string" time="0.203" classname="Sendinblue"/>
    <testcase name="Verify that 'message' property is of type string" time="0.203" classname="Sendinblue"/>
  </testsuite>
  <testsuite name="Contact management / Folders / Get all folders" id="747b3b04-14af-4826-877e-3d60497ddb0f" timestamp="2023-08-11T11:05:35.868Z" tests="9" failures="0" errors="0" time="0.215">
    <testcase name="Response status code is 401" time="0.215" classname="Sendinblue"/>
    <testcase name="Response has 'code' property" time="0.215" classname="Sendinblue"/>
    <testcase name="Response has 'message' property" time="0.215" classname="Sendinblue"/>
    <testcase name="Response has the required field - message" time="0.215" classname="Sendinblue"/>
    <testcase name="Response time is less than 500ms" time="0.215" classname="Sendinblue"/>
    <testcase name="Content-Type is present" time="0.215" classname="Sendinblue"/>
    <testcase name="Response status code should be 401" time="0.215" classname="Sendinblue"/>
    <testcase name="Verify 'code' property is of type string" time="0.215" classname="Sendinblue"/>
    <testcase name="Verify that 'message' property is of type string" time="0.215" classname="Sendinblue"/>
  </testsuite>
  <testsuite name="Contact management / Folders / Create a folder" id="00ff48be-484b-4198-b940-a256c587394e" timestamp="2023-08-11T11:05:35.868Z" tests="0" failures="0" errors="0" time="0.170"/>
  <testsuite name="Contact management / Folders / Returns a folder's details" id="5043feec-2701-4d0f-8e71-0149f7a317da" timestamp="2023-08-11T11:05:35.868Z" tests="9" failures="0" errors="0" time="0.235">
    <testcase name="Response status code is 401" time="0.235" classname="Sendinblue"/>
    <testcase name="Response has 'code' property" time="0.235" classname="Sendinblue"/>
    <testcase name="Response has 'message' property" time="0.235" classname="Sendinblue"/>
    <testcase name="Response has the required field - message" time="0.235" classname="Sendinblue"/>
    <testcase name="Response time is less than 500ms" time="0.235" classname="Sendinblue"/>
    <testcase name="Content-Type is present" time="0.235" classname="Sendinblue"/>
    <testcase name="Response status code should be 401" time="0.235" classname="Sendinblue"/>
    <testcase name="Verify 'code' property is of type string" time="0.235" classname="Sendinblue"/>
    <testcase name="Verify that 'message' property is of type string" time="0.235" classname="Sendinblue"/>
  </testsuite>
  <testsuite name="Contact management / Folders / Update a folder" id="f50ca4fd-28ec-4671-9c66-8fad7da0e907" timestamp="2023-08-11T11:05:35.868Z" tests="9" failures="0" errors="0" time="0.199">
    <testcase name="Response status code is 401" time="0.199" classname="Sendinblue"/>
    <testcase name="Response has 'code' property" time="0.199" classname="Sendinblue"/>
    <testcase name="Response has 'message' property" time="0.199" classname="Sendinblue"/>
    <testcase name="Response has the required field - message" time="0.199" classname="Sendinblue"/>
    <testcase name="Response time is less than 500ms" time="0.199" classname="Sendinblue"/>
    <testcase name="Content-Type is present" time="0.199" classname="Sendinblue"/>
    <testcase name="Response status code should be 401" time="0.199" classname="Sendinblue"/>
    <testcase name="Verify 'code' property is of type string" time="0.199" classname="Sendinblue"/>
    <testcase name="Verify that 'message' property is of type string" time="0.199" classname="Sendinblue"/>
  </testsuite>
  <testsuite name="Contact management / Folders / Delete a folder (and all its lists)" id="c2c17904-dcc2-4cb2-a48a-0254d08657ca" timestamp="2023-08-11T11:05:35.868Z" tests="9" failures="0" errors="0" time="0.176">
    <testcase name="Response status code is 401" time="0.176" classname="Sendinblue"/>
    <testcase name="Response has 'code' property" time="0.176" classname="Sendinblue"/>
    <testcase name="Response has 'message' property" time="0.176" classname="Sendinblue"/>
    <testcase name="Response has the required field - message" time="0.176" classname="Sendinblue"/>
    <testcase name="Response time is less than 500ms" time="0.176" classname="Sendinblue"/>
    <testcase name="Content-Type is present" time="0.176" classname="Sendinblue"/>
    <testcase name="Response status code should be 401" time="0.176" classname="Sendinblue"/>
    <testcase name="Verify 'code' property is of type string" time="0.176" classname="Sendinblue"/>
    <testcase name="Verify that 'message' property is of type string" time="0.176" classname="Sendinblue"/>
  </testsuite>
  <testsuite name="Contact management / Folders / Get lists in a folder" id="490e8d0b-f448-4e6e-8b41-62e71ace5e96" timestamp="2023-08-11T11:05:35.868Z" tests="9" failures="0" errors="0" time="0.245">
    <testcase name="Response status code is 401" time="0.245" classname="Sendinblue"/>
    <testcase name="Response has 'code' property" time="0.245" classname="Sendinblue"/>
    <testcase name="Response has 'message' property" time="0.245" classname="Sendinblue"/>
    <testcase name="Response has the required field - message" time="0.245" classname="Sendinblue"/>
    <testcase name="Response time is less than 500ms" time="0.245" classname="Sendinblue"/>
    <testcase name="Content-Type is present" time="0.245" classname="Sendinblue"/>
    <testcase name="Response status code should be 401" time="0.245" classname="Sendinblue"/>
    <testcase name="Verify 'code' property is of type string" time="0.245" classname="Sendinblue"/>
    <testcase name="Verify that 'message' property is of type string" time="0.245" classname="Sendinblue"/>
  </testsuite>
  <testsuite name="Contact management / Lists / Get all the lists" id="4d596032-2df9-40e3-848b-6783fabe5e92" timestamp="2023-08-11T11:05:35.868Z" tests="9" failures="0" errors="0" time="0.216">
    <testcase name="Response status code is 401" time="0.216" classname="Sendinblue"/>
    <testcase name="Response has 'code' property" time="0.216" classname="Sendinblue"/>
    <testcase name="Response has 'message' property" time="0.216" classname="Sendinblue"/>
    <testcase name="Response has the required field - message" time="0.216" classname="Sendinblue"/>
    <testcase name="Response time is less than 500ms" time="0.216" classname="Sendinblue"/>
    <testcase name="Content-Type is present" time="0.216" classname="Sendinblue"/>
    <testcase name="Response status code should be 401" time="0.216" classname="Sendinblue"/>
    <testcase name="Verify 'code' property is of type string" time="0.216" classname="Sendinblue"/>
    <testcase name="Verify that 'message' property is of type string" time="0.216" classname="Sendinblue"/>
  </testsuite>
  <testsuite name="Contact management / Lists / Create a list" id="6170a6fc-f3e8-413b-9df8-1e22f072eec4" timestamp="2023-08-11T11:05:35.868Z" tests="9" failures="0" errors="0" time="0.235">
    <testcase name="Response status code is 401" time="0.235" classname="Sendinblue"/>
    <testcase name="Response has 'code' property" time="0.235" classname="Sendinblue"/>
    <testcase name="Response has 'message' property" time="0.235" classname="Sendinblue"/>
    <testcase name="Response has the required field - message" time="0.235" classname="Sendinblue"/>
    <testcase name="Response time is less than 500ms" time="0.235" classname="Sendinblue"/>
    <testcase name="Content-Type is present" time="0.235" classname="Sendinblue"/>
    <testcase name="Response status code should be 401" time="0.235" classname="Sendinblue"/>
    <testcase name="Verify 'code' property is of type string" time="0.235" classname="Sendinblue"/>
    <testcase name="Verify that 'message' property is of type string" time="0.235" classname="Sendinblue"/>
  </testsuite>
  <testsuite name="Contact management / Lists / Get contacts in a list" id="10cce0de-d572-4ecd-bf3a-abbca306ee62" timestamp="2023-08-11T11:05:35.868Z" tests="9" failures="0" errors="0" time="0.223">
    <testcase name="Response status code is 401" time="0.223" classname="Sendinblue"/>
    <testcase name="Response has 'code' property" time="0.223" classname="Sendinblue"/>
    <testcase name="Response has 'message' property" time="0.223" classname="Sendinblue"/>
    <testcase name="Response has the required field - message" time="0.223" classname="Sendinblue"/>
    <testcase name="Response time is less than 500ms" time="0.223" classname="Sendinblue"/>
    <testcase name="Content-Type is present" time="0.223" classname="Sendinblue"/>
    <testcase name="Response status code should be 401" time="0.223" classname="Sendinblue"/>
    <testcase name="Verify 'code' property is of type string" time="0.223" classname="Sendinblue"/>
    <testcase name="Verify that 'message' property is of type string" time="0.223" classname="Sendinblue"/>
  </testsuite>
  <testsuite name="Contact management / Lists / Add existing contacts to a list" id="53c98163-5a62-4f15-b397-c6c77c3956d9" timestamp="2023-08-11T11:05:35.868Z" tests="9" failures="0" errors="0" time="0.209">
    <testcase name="Response status code is 401" time="0.209" classname="Sendinblue"/>
    <testcase name="Response has 'code' property" time="0.209" classname="Sendinblue"/>
    <testcase name="Response has 'message' property" time="0.209" classname="Sendinblue"/>
    <testcase name="Response has the required field - message" time="0.209" classname="Sendinblue"/>
    <testcase name="Response time is less than 500ms" time="0.209" classname="Sendinblue"/>
    <testcase name="Content-Type is present" time="0.209" classname="Sendinblue"/>
    <testcase name="Response status code should be 401" time="0.209" classname="Sendinblue"/>
    <testcase name="Verify 'code' property is of type string" time="0.209" classname="Sendinblue"/>
    <testcase name="Verify that 'message' property is of type string" time="0.209" classname="Sendinblue"/>
  </testsuite>
  <testsuite name="Contact management / Lists / Delete a contact from a list" id="884881c7-393f-40bd-93dd-ec698c77d6fd" timestamp="2023-08-11T11:05:35.868Z" tests="9" failures="0" errors="0" time="0.182">
    <testcase name="Response status code is 401" time="0.182" classname="Sendinblue"/>
    <testcase name="Response has 'code' property" time="0.182" classname="Sendinblue"/>
    <testcase name="Response has 'message' property" time="0.182" classname="Sendinblue"/>
    <testcase name="Response has the required field - message" time="0.182" classname="Sendinblue"/>
    <testcase name="Response time is less than 500ms" time="0.182" classname="Sendinblue"/>
    <testcase name="Content-Type is present" time="0.182" classname="Sendinblue"/>
    <testcase name="Response status code should be 401" time="0.182" classname="Sendinblue"/>
    <testcase name="Verify 'code' property is of type string" time="0.182" classname="Sendinblue"/>
    <testcase name="Verify that 'message' property is of type string" time="0.182" classname="Sendinblue"/>
  </testsuite>
  <testsuite name="Contact management / Lists / Get a list's details" id="995090a7-f292-43e0-b20a-97ca2051d869" timestamp="2023-08-11T11:05:35.868Z" tests="9" failures="0" errors="0" time="0.210">
    <testcase name="Response status code is 401" time="0.210" classname="Sendinblue"/>
    <testcase name="Response has 'code' property" time="0.210" classname="Sendinblue"/>
    <testcase name="Response has 'message' property" time="0.210" classname="Sendinblue"/>
    <testcase name="Response has the required field - message" time="0.210" classname="Sendinblue"/>
    <testcase name="Response time is less than 500ms" time="0.210" classname="Sendinblue"/>
    <testcase name="Content-Type is present" time="0.210" classname="Sendinblue"/>
    <testcase name="Response status code should be 401" time="0.210" classname="Sendinblue"/>
    <testcase name="Verify 'code' property is of type string" time="0.210" classname="Sendinblue"/>
    <testcase name="Verify that 'message' property is of type string" time="0.210" classname="Sendinblue"/>
  </testsuite>
  <testsuite name="Contact management / Lists / Update a list" id="ab4f3aec-72ee-473d-9e1d-ab109fb09e2e" timestamp="2023-08-11T11:05:35.868Z" tests="9" failures="0" errors="0" time="0.224">
    <testcase name="Response status code is 401" time="0.224" classname="Sendinblue"/>
    <testcase name="Response has 'code' property" time="0.224" classname="Sendinblue"/>
    <testcase name="Response has 'message' property" time="0.224" classname="Sendinblue"/>
    <testcase name="Response has the required field - message" time="0.224" classname="Sendinblue"/>
    <testcase name="Response time is less than 500ms" time="0.224" classname="Sendinblue"/>
    <testcase name="Content-Type is present" time="0.224" classname="Sendinblue"/>
    <testcase name="Response status code should be 401" time="0.224" classname="Sendinblue"/>
    <testcase name="Verify 'code' property is of type string" time="0.224" classname="Sendinblue"/>
    <testcase name="Verify that 'message' property is of type string" time="0.224" classname="Sendinblue"/>
  </testsuite>
  <testsuite name="Contact management / Lists / Delete a list" id="ca7ee0f6-1be5-4cd1-882a-b13919370799" timestamp="2023-08-11T11:05:35.868Z" tests="9" failures="0" errors="0" time="0.188">
    <testcase name="Response status code is 401" time="0.188" classname="Sendinblue"/>
    <testcase name="Response has 'code' property" time="0.188" classname="Sendinblue"/>
    <testcase name="Response has 'message' property" time="0.188" classname="Sendinblue"/>
    <testcase name="Response has the required field - message" time="0.188" classname="Sendinblue"/>
    <testcase name="Response time is less than 500ms" time="0.188" classname="Sendinblue"/>
    <testcase name="Content-Type is present" time="0.188" classname="Sendinblue"/>
    <testcase name="Response status code should be 401" time="0.188" classname="Sendinblue"/>
    <testcase name="Verify 'code' property is of type string" time="0.188" classname="Sendinblue"/>
    <testcase name="Verify that 'message' property is of type string" time="0.188" classname="Sendinblue"/>
  </testsuite>
  <testsuite name="Contact management / Attributes / List all attributes" id="ca4fcb65-8d74-4156-ba99-ed112c9ac213" timestamp="2023-08-11T11:05:35.868Z" tests="9" failures="0" errors="0" time="0.178">
    <testcase name="Response status code is 401" time="0.178" classname="Sendinblue"/>
    <testcase name="Response has 'code' property" time="0.178" classname="Sendinblue"/>
    <testcase name="Response has 'message' property" time="0.178" classname="Sendinblue"/>
    <testcase name="Response has the required field - message" time="0.178" classname="Sendinblue"/>
    <testcase name="Response time is less than 500ms" time="0.178" classname="Sendinblue"/>
    <testcase name="Content-Type is present" time="0.178" classname="Sendinblue"/>
    <testcase name="Response status code should be 401" time="0.178" classname="Sendinblue"/>
    <testcase name="Verify 'code' property is of type string" time="0.178" classname="Sendinblue"/>
    <testcase name="Verify that 'message' property is of type string" time="0.178" classname="Sendinblue"/>
  </testsuite>
  <testsuite name="Contact management / Attributes / Update contact attribute" id="e8470410-f681-40f3-af01-3d8c094ca667" timestamp="2023-08-11T11:05:35.868Z" tests="9" failures="0" errors="0" time="0.205">
    <testcase name="Response status code is 401" time="0.205" classname="Sendinblue"/>
    <testcase name="Response has 'code' property" time="0.205" classname="Sendinblue"/>
    <testcase name="Response has 'message' property" time="0.205" classname="Sendinblue"/>
    <testcase name="Response has the required field - message" time="0.205" classname="Sendinblue"/>
    <testcase name="Response time is less than 500ms" time="0.205" classname="Sendinblue"/>
    <testcase name="Content-Type is present" time="0.205" classname="Sendinblue"/>
    <testcase name="Response status code should be 401" time="0.205" classname="Sendinblue"/>
    <testcase name="Verify 'code' property is of type string" time="0.205" classname="Sendinblue"/>
    <testcase name="Verify that 'message' property is of type string" time="0.205" classname="Sendinblue"/>
  </testsuite>
  <testsuite name="Contact management / Attributes / Create contact attribute" id="fcd559f1-8d5e-4cb4-82e4-fe2ff34d2da5" timestamp="2023-08-11T11:05:35.868Z" tests="9" failures="0" errors="0" time="0.191">
    <testcase name="Response status code is 401" time="0.191" classname="Sendinblue"/>
    <testcase name="Response has 'code' property" time="0.191" classname="Sendinblue"/>
    <testcase name="Response has 'message' property" time="0.191" classname="Sendinblue"/>
    <testcase name="Response has the required field - message" time="0.191" classname="Sendinblue"/>
    <testcase name="Response time is less than 500ms" time="0.191" classname="Sendinblue"/>
    <testcase name="Content-Type is present" time="0.191" classname="Sendinblue"/>
    <testcase name="Response status code should be 401" time="0.191" classname="Sendinblue"/>
    <testcase name="Verify 'code' property is of type string" time="0.191" classname="Sendinblue"/>
    <testcase name="Verify that 'message' property is of type string" time="0.191" classname="Sendinblue"/>
  </testsuite>
  <testsuite name="Contact management / Attributes / Delete an attribute" id="83550e9a-d95e-437a-aadb-83fa26fdccc3" timestamp="2023-08-11T11:05:35.868Z" tests="9" failures="0" errors="0" time="0.215">
    <testcase name="Response status code is 401" time="0.215" classname="Sendinblue"/>
    <testcase name="Response has 'code' property" time="0.215" classname="Sendinblue"/>
    <testcase name="Response has 'message' property" time="0.215" classname="Sendinblue"/>
    <testcase name="Response has the required field - message" time="0.215" classname="Sendinblue"/>
    <testcase name="Response time is less than 500ms" time="0.215" classname="Sendinblue"/>
    <testcase name="Content-Type is present" time="0.215" classname="Sendinblue"/>
    <testcase name="Response status code should be 401" time="0.215" classname="Sendinblue"/>
    <testcase name="Verify 'code' property is of type string" time="0.215" classname="Sendinblue"/>
    <testcase name="Verify that 'message' property is of type string" time="0.215" classname="Sendinblue"/>
  </testsuite>
  <testsuite name="Transactional / Email API / Send a transactional email" id="20d225b6-ddf4-420d-98bf-9a3df1fa124b" timestamp="2023-08-11T11:05:35.868Z" tests="5" failures="0" errors="0" time="0.190">
    <testcase name="Response status code is 401" time="0.190" classname="Sendinblue"/>
    <testcase name="Response has the required field - messageId" time="0.190" classname="Sendinblue"/>
    <testcase name="message is a non-empty string" time="0.190" classname="Sendinblue"/>
    <testcase name="Response time is less than 500ms" time="0.190" classname="Sendinblue"/>
    <testcase name="Response body is not empty" time="0.190" classname="Sendinblue"/>
  </testsuite>
  <testsuite name="Transactional / Email API / Get the list of transactional emails on the basis of allowed filters" id="0932536e-43e2-40ac-b377-b2c43e019ab6" timestamp="2023-08-11T11:05:35.868Z" tests="5" failures="0" errors="0" time="0.211">
    <testcase name="Response status code is 401" time="0.211" classname="Sendinblue"/>
    <testcase name="Response has the required field - messageId" time="0.211" classname="Sendinblue"/>
    <testcase name="message is a non-empty string" time="0.211" classname="Sendinblue"/>
    <testcase name="Response time is less than 500ms" time="0.211" classname="Sendinblue"/>
    <testcase name="Response body is not empty" time="0.211" classname="Sendinblue"/>
  </testsuite>
  <testsuite name="Transactional / Email API / Delete scheduled emails by batchId or messageId" id="35601ee2-5170-4cc8-9e15-a45edc2f9862" timestamp="2023-08-11T11:05:35.868Z" tests="5" failures="0" errors="0" time="0.187">
    <testcase name="Response status code is 401" time="0.187" classname="Sendinblue"/>
    <testcase name="Response has the required field - messageId" time="0.187" classname="Sendinblue"/>
    <testcase name="message is a non-empty string" time="0.187" classname="Sendinblue"/>
    <testcase name="Response time is less than 500ms" time="0.187" classname="Sendinblue"/>
    <testcase name="Response body is not empty" time="0.187" classname="Sendinblue"/>
  </testsuite>
  <testsuite name="Transactional / Email API / Get the personalized content of a sent transactional email" id="7f77b5f5-4991-43a3-9207-7f4de5715e72" timestamp="2023-08-11T11:05:35.868Z" tests="5" failures="0" errors="0" time="0.227">
    <testcase name="Response status code is 401" time="0.227" classname="Sendinblue"/>
    <testcase name="Response has the required field - messageId" time="0.227" classname="Sendinblue"/>
    <testcase name="message is a non-empty string" time="0.227" classname="Sendinblue"/>
    <testcase name="Response time is less than 500ms" time="0.227" classname="Sendinblue"/>
    <testcase name="Response body is not empty" time="0.227" classname="Sendinblue"/>
  </testsuite>
  <testsuite name="Transactional / Email API / Fetch scheduled emails by batchId or messageId" id="dff4c9f3-27a5-4d04-83ee-8526bd035b98" timestamp="2023-08-11T11:05:35.868Z" tests="5" failures="0" errors="0" time="0.222">
    <testcase name="Response status code is 401" time="0.222" classname="Sendinblue"/>
    <testcase name="Response has the required field - messageId" time="0.222" classname="Sendinblue"/>
    <testcase name="message is a non-empty string" time="0.222" classname="Sendinblue"/>
    <testcase name="Response time is less than 500ms" time="0.222" classname="Sendinblue"/>
    <testcase name="Response body is not empty" time="0.222" classname="Sendinblue"/>
  </testsuite>
  <testsuite name="Transactional / Templates / Get the list of email templates" id="0d69bfdc-d093-427c-87b1-6aaf81a84a89" timestamp="2023-08-11T11:05:35.868Z" tests="0" failures="0" errors="0" time="0.234"/>
  <testsuite name="Transactional / Templates / Create an email template" id="a3ec1d6d-97b9-4cf5-afa9-7ecf956e1ca3" timestamp="2023-08-11T11:05:35.868Z" tests="0" failures="0" errors="0" time="0.214"/>
  <testsuite name="Transactional / Templates / Returns the template information" id="250f248d-7984-4362-b554-dee2b8e11ac3" timestamp="2023-08-11T11:05:35.868Z" tests="0" failures="0" errors="0" time="0.200"/>
  <testsuite name="Transactional / Templates / Update an email template" id="0103b3f1-0587-4144-9216-6121e4baeb80" timestamp="2023-08-11T11:05:35.868Z" tests="0" failures="0" errors="0" time="0.201"/>
  <testsuite name="Transactional / Templates / Delete an inactive email template" id="e2b90b6e-0ba3-4927-b1df-2ff301b15cea" timestamp="2023-08-11T11:05:35.868Z" tests="0" failures="0" errors="0" time="0.195"/>
  <testsuite name="Transactional / Templates / Send a template to your test list" id="43916f9d-8a08-49c5-8bc0-40102368a373" timestamp="2023-08-11T11:05:35.868Z" tests="0" failures="0" errors="0" time="0.172"/>
  <testsuite name="Transactional / Statistics / Get your transactional email activity aggregated over a period of time" id="cf3b6547-697f-4614-89b8-5bbcc70909e9" timestamp="2023-08-11T11:05:35.868Z" tests="0" failures="0" errors="0" time="0.180"/>
  <testsuite name="Transactional / Statistics / Get your transactional email activity aggregated per day" id="34213baa-1db9-4bde-b945-07f94aa37a14" timestamp="2023-08-11T11:05:35.868Z" tests="0" failures="0" errors="0" time="0.197"/>
  <testsuite name="Transactional / Statistics / Get all your transactional email activity (unaggregated events)" id="e065a3b6-a5e5-42fd-937a-3af59c6a22c7" timestamp="2023-08-11T11:05:35.868Z" tests="0" failures="0" errors="0" time="0.196"/>
  <testsuite name="Transactional / Blocked Contacts / Get the list of blocked or unsubscribed transactional contacts" id="d597586b-4516-4374-bdd2-4afa44ae9b2b" timestamp="2023-08-11T11:05:35.868Z" tests="0" failures="0" errors="0" time="0.211"/>
  <testsuite name="Transactional / Blocked Contacts / Unblock or resubscribe a transactional contact" id="1b241352-a30d-4253-8d22-3ccb396e9516" timestamp="2023-08-11T11:05:35.868Z" tests="0" failures="0" errors="0" time="0.186"/>
  <testsuite name="Transactional / Blocked Domains / Get the list of blocked domains" id="e90084ce-0952-4f66-9ef6-f65781813784" timestamp="2023-08-11T11:05:35.868Z" tests="0" failures="0" errors="0" time="0.218"/>
  <testsuite name="Transactional / Blocked Domains / Add a new domain to the list of blocked domains" id="f1de4233-fa2c-4d7c-b99e-ec0366ac05ba" timestamp="2023-08-11T11:05:35.868Z" tests="0" failures="0" errors="0" time="0.218"/>
  <testsuite name="Transactional / Blocked Domains / Unblock an existing domain from the list of blocked domains" id="d2f706e1-46e1-46c4-ab6e-3f80a26e24ae" timestamp="2023-08-11T11:05:35.868Z" tests="0" failures="0" errors="0" time="0.207"/>
  <testsuite name="Transactional / Logs / Delete hardbounces" id="2873f748-c535-4c74-8d2d-d7fd022a6c01" timestamp="2023-08-11T11:05:35.868Z" tests="0" failures="0" errors="0" time="0.181"/>
  <testsuite name="Transactional / Logs / Delete an SMTP transactional log" id="515060b2-050e-4816-854c-7c7d6bf92462" timestamp="2023-08-11T11:05:35.868Z" tests="0" failures="0" errors="0" time="0.184"/>
  <testsuite name="Transactional / Inbound Email Parsing / Get the list of all the events for the received emails." id="5d22adbb-134b-4d4c-b67f-d10936e6a447" timestamp="2023-08-11T11:05:35.868Z" tests="0" failures="0" errors="0" time="0.208"/>
  <testsuite name="Transactional / Inbound Email Parsing / Fetch all events history for one particular received email." id="2aa44098-e6ab-4338-9d7c-6c2d9864320a" timestamp="2023-08-11T11:05:35.868Z" tests="0" failures="0" errors="0" time="0.193"/>
  <testsuite name="Transactional / Inbound Email Parsing / Retrieve inbound attachment with download token." id="2cc6556d-50e5-4361-a3c4-cdf0f15f6b78" timestamp="2023-08-11T11:05:35.868Z" tests="0" failures="0" errors="0" time="0.194"/>
  <testsuite name="Transactional / Transactional SMS / Send SMS message to a mobile number" id="22f14010-01e4-45cc-b55c-2c873a2b8dca" timestamp="2023-08-11T11:05:35.868Z" tests="0" failures="0" errors="0" time="0.191"/>
  <testsuite name="Transactional / SMS statistics / Get your SMS activity aggregated over a period of time" id="f34521ce-fe3b-455d-84a3-583a102fea85" timestamp="2023-08-11T11:05:35.868Z" tests="0" failures="0" errors="0" time="0.224"/>
  <testsuite name="Transactional / SMS statistics / Get your SMS activity aggregated per day" id="69834b40-e4b4-4751-9155-28e4bbaab3ae" timestamp="2023-08-11T11:05:35.868Z" tests="0" failures="0" errors="0" time="0.253"/>
  <testsuite name="Transactional / SMS statistics / Get all your SMS activity (unaggregated events)" id="d5a791a0-fc7a-41f5-889a-d7b25bae5bfe" timestamp="2023-08-11T11:05:35.868Z" tests="0" failures="0" errors="0" time="0.190"/>
  <testsuite name="Account / Webhooks / Get all webhooks" id="2398a2ff-6016-4ad7-be50-2cf9799cce82" timestamp="2023-08-11T11:05:35.868Z" tests="0" failures="0" errors="0" time="0.221"/>
  <testsuite name="Account / Webhooks / Create a webhook" id="4401c623-7cb6-4552-b562-c62941e589ec" timestamp="2023-08-11T11:05:35.868Z" tests="0" failures="0" errors="0" time="0.169"/>
  <testsuite name="Account / Webhooks / Get a webhook details" id="7881b112-7791-41af-892f-5fb2f7e521e7" timestamp="2023-08-11T11:05:35.868Z" tests="0" failures="0" errors="0" time="0.191"/>
  <testsuite name="Account / Webhooks / Update a webhook" id="e1f10331-3aa1-48c2-8afe-bc8ff9020628" timestamp="2023-08-11T11:05:35.868Z" tests="0" failures="0" errors="0" time="0.192"/>
  <testsuite name="Account / Webhooks / Delete a webhook" id="7f5c1ec2-2a47-455c-bf74-4dbed5ca96ce" timestamp="2023-08-11T11:05:35.868Z" tests="0" failures="0" errors="0" time="0.184"/>
  <testsuite name="Account / Reseller / Credits / Add Email and/or SMS credits to a specific child account" id="8dc0c76e-88dc-4b91-b5f8-9d3197eb6d4a" timestamp="2023-08-11T11:05:35.868Z" tests="0" failures="0" errors="0" time="0.197"/>
  <testsuite name="Account / Reseller / Credits / Remove Email and/or SMS credits from a specific child account" id="8929f2c2-7338-4483-bbc4-05cc2f2c4ae8" timestamp="2023-08-11T11:05:35.868Z" tests="0" failures="0" errors="0" time="0.193"/>
  <testsuite name="Account / Reseller / IP management / Associate a dedicated IP to the child" id="a4cb3900-d1cd-4a55-a317-4a8effc56bc5" timestamp="2023-08-11T11:05:35.868Z" tests="0" failures="0" errors="0" time="0.196"/>
  <testsuite name="Account / Reseller / IP management / Dissociate a dedicated IP to the child" id="4dd9566a-2e00-40a5-8d48-351e179fcc77" timestamp="2023-08-11T11:05:35.868Z" tests="0" failures="0" errors="0" time="0.175"/>
  <testsuite name="Account / Reseller / Domains / Get all sender domains for a specific child account" id="c403d9e4-47a3-4a7a-be66-b9c723911a02" timestamp="2023-08-11T11:05:35.868Z" tests="0" failures="0" errors="0" time="0.200"/>
  <testsuite name="Account / Reseller / Domains / Create a domain for a child account" id="1e5a556c-1841-43f2-8151-8af82387a1a8" timestamp="2023-08-11T11:05:35.868Z" tests="0" failures="0" errors="0" time="0.191"/>
  <testsuite name="Account / Reseller / Domains / Update the sender domain of reseller's child based on the childIdentifier and domainName passed" id="5c1ce771-04ef-4d4e-bbe8-373e95b10d89" timestamp="2023-08-11T11:05:35.868Z" tests="0" failures="0" errors="0" time="0.203"/>
  <testsuite name="Account / Reseller / Domains / Delete the sender domain of the reseller child based on the childIdentifier and domainName passed" id="8f916f8c-0520-432b-9eee-6760f44853a1" timestamp="2023-08-11T11:05:35.868Z" tests="0" failures="0" errors="0" time="0.180"/>
  <testsuite name="Account / Reseller / Child accounts / Get a child account's details" id="6ed1191d-a526-4ed9-901a-c5ad1cf8379c" timestamp="2023-08-11T11:05:35.868Z" tests="0" failures="0" errors="0" time="0.326"/>
  <testsuite name="Account / Reseller / Child accounts / Update info of reseller's child based on the child identifier supplied" id="cbbbd9bb-d5a0-48c6-93cd-de22ea65bc57" timestamp="2023-08-11T11:05:35.868Z" tests="0" failures="0" errors="0" time="0.555"/>
  <testsuite name="Account / Reseller / Child accounts / Delete a single reseller child based on the child identifier supplied" id="38b10144-c1fb-46d2-b9e5-d6536e9493f9" timestamp="2023-08-11T11:05:35.868Z" tests="0" failures="0" errors="0" time="0.528"/>
  <testsuite name="Account / Reseller / Child accounts / Update info of reseller's child account status based on the identifier supplied" id="a6e1a033-7e66-4bc4-8168-05ac3de8f82f" timestamp="2023-08-11T11:05:35.868Z" tests="0" failures="0" errors="0" time="0.526"/>
  <testsuite name="Account / Reseller / Child accounts / Get the status of a reseller's child account creation, whether it is successfully created (exists) or not based on the childIdentifier supplied" id="70679c8d-07bc-4d90-93d5-82650fc17516" timestamp="2023-08-11T11:05:35.868Z" tests="0" failures="0" errors="0" time="0.533"/>
  <testsuite name="Account / Reseller / Child accounts / Get session token to access Sendinblue (SSO)" id="0484c27f-9451-457a-9b13-b89a0dc8d0af" timestamp="2023-08-11T11:05:35.868Z" tests="0" failures="0" errors="0" time="0.335"/>
  <testsuite name="Account / Reseller / Child accounts / Get the list of all children accounts" id="73d6a52a-6a00-4859-9e0a-9dcdaff68556" timestamp="2023-08-11T11:05:35.868Z" tests="0" failures="0" errors="0" time="0.199"/>
  <testsuite name="Account / Reseller / Child accounts / Creates a reseller child" id="9ee02191-2bf7-460a-9019-114b74991701" timestamp="2023-08-11T11:05:35.868Z" tests="0" failures="0" errors="0" time="0.225"/>
  <testsuite name="Account / Process / Return all the processes for your account" id="229d5eb4-06a3-4df4-b1db-378d4953bfad" timestamp="2023-08-11T11:05:35.868Z" tests="0" failures="0" errors="0" time="0.225"/>
  <testsuite name="Account / Process / Return the informations for a process" id="d0ef6373-7fde-4b0a-a439-8e358ac419a8" timestamp="2023-08-11T11:05:35.868Z" tests="0" failures="0" errors="0" time="0.225"/>
  <testsuite name="Account / Corporate / Get the details of requested master account" id="db0e7eba-886f-4156-af42-570490c8f671" timestamp="2023-08-11T11:05:35.868Z" tests="0" failures="0" errors="0" time="0.217"/>
  <testsuite name="Account / Corporate / Get the list of all the sub-accounts of the master account." id="10eddb36-34c0-4d93-8455-25f1edd5b570" timestamp="2023-08-11T11:05:35.868Z" tests="0" failures="0" errors="0" time="0.232"/>
  <testsuite name="Account / Corporate / Create a new sub-account under a master account." id="61dccf31-24bf-468d-889f-e6325fb48865" timestamp="2023-08-11T11:05:35.868Z" tests="0" failures="0" errors="0" time="0.178"/>
  <testsuite name="Account / Corporate / Generate SSO token to access Sendinblue" id="9e77e493-08c5-440a-82c7-45d0410b73ed" timestamp="2023-08-11T11:05:35.868Z" tests="0" failures="0" errors="0" time="0.192"/>
  <testsuite name="Account / Corporate / Get sub-account details" id="3ba9a42e-b031-4ed0-a088-90eb964476db" timestamp="2023-08-11T11:05:35.868Z" tests="0" failures="0" errors="0" time="0.208"/>
  <testsuite name="Account / Corporate / Delete a sub-account" id="fa42285d-3e13-444c-93f6-3f6118fabeb4" timestamp="2023-08-11T11:05:35.868Z" tests="0" failures="0" errors="0" time="0.496"/>
  <testsuite name="Account / Corporate / Update sub-account plan" id="042e3c17-66ef-4af5-8cc8-ee175ca858dc" timestamp="2023-08-11T11:05:35.868Z" tests="0" failures="0" errors="0" time="0.202"/>
  <testsuite name="Account / Account data / Get your account information, plan and credits details" id="4ed15a80-a881-4b32-b564-f29c6c048dc2" timestamp="2023-08-11T11:05:35.868Z" tests="0" failures="0" errors="0" time="0.234"/>
  <testsuite name="Account / Senders / Get the list of all your senders" id="13a7acff-56ce-47a8-ac20-64e9b615aae2" timestamp="2023-08-11T11:05:35.868Z" tests="0" failures="0" errors="0" time="0.192"/>
  <testsuite name="Account / Senders / Create a new sender" id="d24ee267-4fee-4d6f-820f-973088269292" timestamp="2023-08-11T11:05:35.868Z" tests="0" failures="0" errors="0" time="0.208"/>
  <testsuite name="Account / Senders / Get all the dedicated IPs for your account" id="35db8b1c-8386-4adb-9c85-60f0217f5ec4" timestamp="2023-08-11T11:05:35.868Z" tests="0" failures="0" errors="0" time="0.224"/>
  <testsuite name="Account / Senders / Update a sender" id="d51b96fb-6037-43aa-bf39-852103c0b1e4" timestamp="2023-08-11T11:05:35.868Z" tests="0" failures="0" errors="0" time="0.173"/>
  <testsuite name="Account / Senders / Delete a sender" id="288357e9-f896-420d-ba77-1b2e5343014e" timestamp="2023-08-11T11:05:35.868Z" tests="0" failures="0" errors="0" time="0.222"/>
  <testsuite name="Account / Senders / Get all the dedicated IPs for a sender" id="064d9a59-bcfe-42d8-b83d-0a528242e84d" timestamp="2023-08-11T11:05:35.868Z" tests="0" failures="0" errors="0" time="0.215"/>
  <testsuite name="Get all Companies" id="4977e883-6d05-48a2-9103-f923513b1ec8" timestamp="2023-08-11T11:05:35.868Z" tests="4" failures="2" errors="0" time="0.222">
    <testcase name="Response status code is 400" time="0.222" classname="Sendinblue">
      <failure type="AssertionFailure" message="expected 401 to equal 400">
        <![CDATA[Failed 1 times.]]>
        <![CDATA[Collection JSON ID: c5456dfd-df5c-4ebe-90a7-4025e6688d55.]]>
        <![CDATA[Collection name: Sendinblue.]]>
        <![CDATA[Request name: Get all Companies.]]>
        <![CDATA[Test description: Response status code is 400.]]>
        <![CDATA[Error message: expected 401 to equal 400.]]>
        <![CDATA[Stacktrace: AssertionError: expected 401 to equal 400
   at Object.eval sandbox-script.js:1:157).]]>
      </failure>
    </testcase>
    <testcase name="Status code name has string" time="0.222" classname="Sendinblue">
      <failure type="AssertionFailure" message="expected response to have status reason 'Bad Request' but got 'Unauthorized'">
        <![CDATA[Failed 1 times.]]>
        <![CDATA[Collection JSON ID: c5456dfd-df5c-4ebe-90a7-4025e6688d55.]]>
        <![CDATA[Collection name: Sendinblue.]]>
        <![CDATA[Request name: Get all Companies.]]>
        <![CDATA[Test description: Status code name has string.]]>
        <![CDATA[Error message: expected response to have status reason 'Bad Request' but got 'Unauthorized'.]]>
        <![CDATA[Stacktrace: AssertionError: expected response to have status reason 'Bad Request' but got 'Unauthorized'
   at Object.eval sandbox-script.js:2:157).]]>
      </failure>
    </testcase>
    <testcase name="Response time is less than 1000ms" time="0.222" classname="Sendinblue"/>
    <testcase name="Response time is less than 500ms" time="0.222" classname="Sendinblue"/>
  </testsuite>
</testsuites>